C:\USERS\MATTHIAS\DOCUMENTS\GITHUB\GESTURE_RECOGNIZER_OF0.8_NITE2_OPENNI2_X86\OF_V0.8.0_VS_RELEASE\APPS\MYAPPS\GRT_PREDICT\BIN\GRT_PREDICT_DEBUG.BSC
C:\USERS\MATTHIAS\DOCUMENTS\GITHUB\GESTURE_RECOGNIZER_OF0.8_NITE2_OPENNI2_X86\OF_V0.8.0_VS_RELEASE\APPS\MYAPPS\GRT_PREDICT\OBJ\DEBUG\TESTAPP.SBR
C:\USERS\MATTHIAS\DOCUMENTS\GITHUB\GESTURE_RECOGNIZER_OF0.8_NITE2_OPENNI2_X86\OF_V0.8.0_VS_RELEASE\APPS\MYAPPS\GRT_PREDICT\OBJ\DEBUG\STATIC_RECOGNIZER.SBR
C:\USERS\MATTHIAS\DOCUMENTS\GITHUB\GESTURE_RECOGNIZER_OF0.8_NITE2_OPENNI2_X86\OF_V0.8.0_VS_RELEASE\APPS\MYAPPS\GRT_PREDICT\OBJ\DEBUG\OPENNIPROXIE.SBR
C:\USERS\MATTHIAS\DOCUMENTS\GITHUB\GESTURE_RECOGNIZER_OF0.8_NITE2_OPENNI2_X86\OF_V0.8.0_VS_RELEASE\APPS\MYAPPS\GRT_PREDICT\OBJ\DEBUG\NITE_HANDTRACKER.SBR
C:\USERS\MATTHIAS\DOCUMENTS\GITHUB\GESTURE_RECOGNIZER_OF0.8_NITE2_OPENNI2_X86\OF_V0.8.0_VS_RELEASE\APPS\MYAPPS\GRT_PREDICT\OBJ\DEBUG\MOUSECONTROL.SBR
C:\USERS\MATTHIAS\DOCUMENTS\GITHUB\GESTURE_RECOGNIZER_OF0.8_NITE2_OPENNI2_X86\OF_V0.8.0_VS_RELEASE\APPS\MYAPPS\GRT_PREDICT\OBJ\DEBUG\MAIN.SBR
C:\USERS\MATTHIAS\DOCUMENTS\GITHUB\GESTURE_RECOGNIZER_OF0.8_NITE2_OPENNI2_X86\OF_V0.8.0_VS_RELEASE\APPS\MYAPPS\GRT_PREDICT\OBJ\DEBUG\GRT_RECOGNIZER.SBR
C:\USERS\MATTHIAS\DOCUMENTS\GITHUB\GESTURE_RECOGNIZER_OF0.8_NITE2_OPENNI2_X86\OF_V0.8.0_VS_RELEASE\APPS\MYAPPS\GRT_PREDICT\OBJ\DEBUG\GRABPROXIE.SBR
C:\USERS\MATTHIAS\DOCUMENTS\GITHUB\GESTURE_RECOGNIZER_OF0.8_NITE2_OPENNI2_X86\OF_V0.8.0_VS_RELEASE\APPS\MYAPPS\GRT_PREDICT\OBJ\DEBUG\WARNINGLOG.SBR
C:\USERS\MATTHIAS\DOCUMENTS\GITHUB\GESTURE_RECOGNIZER_OF0.8_NITE2_OPENNI2_X86\OF_V0.8.0_VS_RELEASE\APPS\MYAPPS\GRT_PREDICT\OBJ\DEBUG\UTIL.SBR
C:\USERS\MATTHIAS\DOCUMENTS\GITHUB\GESTURE_RECOGNIZER_OF0.8_NITE2_OPENNI2_X86\OF_V0.8.0_VS_RELEASE\APPS\MYAPPS\GRT_PREDICT\OBJ\DEBUG\TRAININGLOG.SBR
C:\USERS\MATTHIAS\DOCUMENTS\GITHUB\GESTURE_RECOGNIZER_OF0.8_NITE2_OPENNI2_X86\OF_V0.8.0_VS_RELEASE\APPS\MYAPPS\GRT_PREDICT\OBJ\DEBUG\TRAININGDATARECORDINGTIMER.SBR
C:\USERS\MATTHIAS\DOCUMENTS\GITHUB\GESTURE_RECOGNIZER_OF0.8_NITE2_OPENNI2_X86\OF_V0.8.0_VS_RELEASE\APPS\MYAPPS\GRT_PREDICT\OBJ\DEBUG\TESTINGLOG.SBR
C:\USERS\MATTHIAS\DOCUMENTS\GITHUB\GESTURE_RECOGNIZER_OF0.8_NITE2_OPENNI2_X86\OF_V0.8.0_VS_RELEASE\APPS\MYAPPS\GRT_PREDICT\OBJ\DEBUG\SVD.SBR
C:\USERS\MATTHIAS\DOCUMENTS\GITHUB\GESTURE_RECOGNIZER_OF0.8_NITE2_OPENNI2_X86\OF_V0.8.0_VS_RELEASE\APPS\MYAPPS\GRT_PREDICT\OBJ\DEBUG\RANGETRACKER.SBR
C:\USERS\MATTHIAS\DOCUMENTS\GITHUB\GESTURE_RECOGNIZER_OF0.8_NITE2_OPENNI2_X86\OF_V0.8.0_VS_RELEASE\APPS\MYAPPS\GRT_PREDICT\OBJ\DEBUG\MATRIXDOUBLE.SBR
C:\USERS\MATTHIAS\DOCUMENTS\GITHUB\GESTURE_RECOGNIZER_OF0.8_NITE2_OPENNI2_X86\OF_V0.8.0_VS_RELEASE\APPS\MYAPPS\GRT_PREDICT\OBJ\DEBUG\LUDECOMPOSITION.SBR
C:\USERS\MATTHIAS\DOCUMENTS\GITHUB\GESTURE_RECOGNIZER_OF0.8_NITE2_OPENNI2_X86\OF_V0.8.0_VS_RELEASE\APPS\MYAPPS\GRT_PREDICT\OBJ\DEBUG\LABELLEDTIMESERIESCLASSIFICATIONSAMPLETRIMMER.SBR
C:\USERS\MATTHIAS\DOCUMENTS\GITHUB\GESTURE_RECOGNIZER_OF0.8_NITE2_OPENNI2_X86\OF_V0.8.0_VS_RELEASE\APPS\MYAPPS\GRT_PREDICT\OBJ\DEBUG\ERRORLOG.SBR
C:\USERS\MATTHIAS\DOCUMENTS\GITHUB\GESTURE_RECOGNIZER_OF0.8_NITE2_OPENNI2_X86\OF_V0.8.0_VS_RELEASE\APPS\MYAPPS\GRT_PREDICT\OBJ\DEBUG\EIGENVALUEDECOMPOSITION.SBR
C:\USERS\MATTHIAS\DOCUMENTS\GITHUB\GESTURE_RECOGNIZER_OF0.8_NITE2_OPENNI2_X86\OF_V0.8.0_VS_RELEASE\APPS\MYAPPS\GRT_PREDICT\OBJ\DEBUG\EIGENVALUEDECOMPOSITION.OBJ
C:\USERS\MATTHIAS\DOCUMENTS\GITHUB\GESTURE_RECOGNIZER_OF0.8_NITE2_OPENNI2_X86\OF_V0.8.0_VS_RELEASE\APPS\MYAPPS\GRT_PREDICT\OBJ\DEBUG\ERRORLOG.OBJ
C:\USERS\MATTHIAS\DOCUMENTS\GITHUB\GESTURE_RECOGNIZER_OF0.8_NITE2_OPENNI2_X86\OF_V0.8.0_VS_RELEASE\APPS\MYAPPS\GRT_PREDICT\OBJ\DEBUG\LABELLEDTIMESERIESCLASSIFICATIONSAMPLETRIMMER.OBJ
C:\USERS\MATTHIAS\DOCUMENTS\GITHUB\GESTURE_RECOGNIZER_OF0.8_NITE2_OPENNI2_X86\OF_V0.8.0_VS_RELEASE\APPS\MYAPPS\GRT_PREDICT\OBJ\DEBUG\LUDECOMPOSITION.OBJ
C:\USERS\MATTHIAS\DOCUMENTS\GITHUB\GESTURE_RECOGNIZER_OF0.8_NITE2_OPENNI2_X86\OF_V0.8.0_VS_RELEASE\APPS\MYAPPS\GRT_PREDICT\OBJ\DEBUG\MATRIXDOUBLE.OBJ
C:\USERS\MATTHIAS\DOCUMENTS\GITHUB\GESTURE_RECOGNIZER_OF0.8_NITE2_OPENNI2_X86\OF_V0.8.0_VS_RELEASE\APPS\MYAPPS\GRT_PREDICT\OBJ\DEBUG\RANGETRACKER.OBJ
C:\USERS\MATTHIAS\DOCUMENTS\GITHUB\GESTURE_RECOGNIZER_OF0.8_NITE2_OPENNI2_X86\OF_V0.8.0_VS_RELEASE\APPS\MYAPPS\GRT_PREDICT\OBJ\DEBUG\SVD.OBJ
C:\USERS\MATTHIAS\DOCUMENTS\GITHUB\GESTURE_RECOGNIZER_OF0.8_NITE2_OPENNI2_X86\OF_V0.8.0_VS_RELEASE\APPS\MYAPPS\GRT_PREDICT\OBJ\DEBUG\TESTINGLOG.OBJ
C:\USERS\MATTHIAS\DOCUMENTS\GITHUB\GESTURE_RECOGNIZER_OF0.8_NITE2_OPENNI2_X86\OF_V0.8.0_VS_RELEASE\APPS\MYAPPS\GRT_PREDICT\OBJ\DEBUG\TRAININGDATARECORDINGTIMER.OBJ
C:\USERS\MATTHIAS\DOCUMENTS\GITHUB\GESTURE_RECOGNIZER_OF0.8_NITE2_OPENNI2_X86\OF_V0.8.0_VS_RELEASE\APPS\MYAPPS\GRT_PREDICT\OBJ\DEBUG\TRAININGLOG.OBJ
C:\USERS\MATTHIAS\DOCUMENTS\GITHUB\GESTURE_RECOGNIZER_OF0.8_NITE2_OPENNI2_X86\OF_V0.8.0_VS_RELEASE\APPS\MYAPPS\GRT_PREDICT\OBJ\DEBUG\UTIL.OBJ
C:\USERS\MATTHIAS\DOCUMENTS\GITHUB\GESTURE_RECOGNIZER_OF0.8_NITE2_OPENNI2_X86\OF_V0.8.0_VS_RELEASE\APPS\MYAPPS\GRT_PREDICT\OBJ\DEBUG\WARNINGLOG.OBJ
C:\USERS\MATTHIAS\DOCUMENTS\GITHUB\GESTURE_RECOGNIZER_OF0.8_NITE2_OPENNI2_X86\OF_V0.8.0_VS_RELEASE\APPS\MYAPPS\GRT_PREDICT\OBJ\DEBUG\GRABPROXIE.OBJ
C:\USERS\MATTHIAS\DOCUMENTS\GITHUB\GESTURE_RECOGNIZER_OF0.8_NITE2_OPENNI2_X86\OF_V0.8.0_VS_RELEASE\APPS\MYAPPS\GRT_PREDICT\OBJ\DEBUG\GRT_RECOGNIZER.OBJ
C:\USERS\MATTHIAS\DOCUMENTS\GITHUB\GESTURE_RECOGNIZER_OF0.8_NITE2_OPENNI2_X86\OF_V0.8.0_VS_RELEASE\APPS\MYAPPS\GRT_PREDICT\OBJ\DEBUG\MAIN.OBJ
C:\USERS\MATTHIAS\DOCUMENTS\GITHUB\GESTURE_RECOGNIZER_OF0.8_NITE2_OPENNI2_X86\OF_V0.8.0_VS_RELEASE\APPS\MYAPPS\GRT_PREDICT\OBJ\DEBUG\MOUSECONTROL.OBJ
C:\USERS\MATTHIAS\DOCUMENTS\GITHUB\GESTURE_RECOGNIZER_OF0.8_NITE2_OPENNI2_X86\OF_V0.8.0_VS_RELEASE\APPS\MYAPPS\GRT_PREDICT\OBJ\DEBUG\NITE_HANDTRACKER.OBJ
C:\USERS\MATTHIAS\DOCUMENTS\GITHUB\GESTURE_RECOGNIZER_OF0.8_NITE2_OPENNI2_X86\OF_V0.8.0_VS_RELEASE\APPS\MYAPPS\GRT_PREDICT\OBJ\DEBUG\OPENNIPROXIE.OBJ
C:\USERS\MATTHIAS\DOCUMENTS\GITHUB\GESTURE_RECOGNIZER_OF0.8_NITE2_OPENNI2_X86\OF_V0.8.0_VS_RELEASE\APPS\MYAPPS\GRT_PREDICT\OBJ\DEBUG\STATIC_RECOGNIZER.OBJ
C:\USERS\MATTHIAS\DOCUMENTS\GITHUB\GESTURE_RECOGNIZER_OF0.8_NITE2_OPENNI2_X86\OF_V0.8.0_VS_RELEASE\APPS\MYAPPS\GRT_PREDICT\OBJ\DEBUG\TESTAPP.OBJ
C:\USERS\MATTHIAS\DOCUMENTS\GITHUB\GESTURE_RECOGNIZER_OF0.8_NITE2_OPENNI2_X86\OF_V0.8.0_VS_RELEASE\APPS\MYAPPS\GRT_PREDICT\OBJ\DEBUG\DEBUGLOG.SBR
C:\USERS\MATTHIAS\DOCUMENTS\GITHUB\GESTURE_RECOGNIZER_OF0.8_NITE2_OPENNI2_X86\OF_V0.8.0_VS_RELEASE\APPS\MYAPPS\GRT_PREDICT\OBJ\DEBUG\CHOLESKY.SBR
C:\USERS\MATTHIAS\DOCUMENTS\GITHUB\GESTURE_RECOGNIZER_OF0.8_NITE2_OPENNI2_X86\OF_V0.8.0_VS_RELEASE\APPS\MYAPPS\GRT_PREDICT\OBJ\DEBUG\LOGISTICREGRESSION.SBR
C:\USERS\MATTHIAS\DOCUMENTS\GITHUB\GESTURE_RECOGNIZER_OF0.8_NITE2_OPENNI2_X86\OF_V0.8.0_VS_RELEASE\APPS\MYAPPS\GRT_PREDICT\OBJ\DEBUG\LINEARREGRESSION.SBR
C:\USERS\MATTHIAS\DOCUMENTS\GITHUB\GESTURE_RECOGNIZER_OF0.8_NITE2_OPENNI2_X86\OF_V0.8.0_VS_RELEASE\APPS\MYAPPS\GRT_PREDICT\OBJ\DEBUG\NEURON.SBR
C:\USERS\MATTHIAS\DOCUMENTS\GITHUB\GESTURE_RECOGNIZER_OF0.8_NITE2_OPENNI2_X86\OF_V0.8.0_VS_RELEASE\APPS\MYAPPS\GRT_PREDICT\OBJ\DEBUG\MLP.SBR
C:\USERS\MATTHIAS\DOCUMENTS\GITHUB\GESTURE_RECOGNIZER_OF0.8_NITE2_OPENNI2_X86\OF_V0.8.0_VS_RELEASE\APPS\MYAPPS\GRT_PREDICT\OBJ\DEBUG\SAVITZKYGOLAYFILTER.SBR
C:\USERS\MATTHIAS\DOCUMENTS\GITHUB\GESTURE_RECOGNIZER_OF0.8_NITE2_OPENNI2_X86\OF_V0.8.0_VS_RELEASE\APPS\MYAPPS\GRT_PREDICT\OBJ\DEBUG\MOVINGAVERAGEFILTER.SBR
C:\USERS\MATTHIAS\DOCUMENTS\GITHUB\GESTURE_RECOGNIZER_OF0.8_NITE2_OPENNI2_X86\OF_V0.8.0_VS_RELEASE\APPS\MYAPPS\GRT_PREDICT\OBJ\DEBUG\LOWPASSFILTER.SBR
C:\USERS\MATTHIAS\DOCUMENTS\GITHUB\GESTURE_RECOGNIZER_OF0.8_NITE2_OPENNI2_X86\OF_V0.8.0_VS_RELEASE\APPS\MYAPPS\GRT_PREDICT\OBJ\DEBUG\HIGHPASSFILTER.SBR
C:\USERS\MATTHIAS\DOCUMENTS\GITHUB\GESTURE_RECOGNIZER_OF0.8_NITE2_OPENNI2_X86\OF_V0.8.0_VS_RELEASE\APPS\MYAPPS\GRT_PREDICT\OBJ\DEBUG\DOUBLEMOVINGAVERAGEFILTER.SBR
C:\USERS\MATTHIAS\DOCUMENTS\GITHUB\GESTURE_RECOGNIZER_OF0.8_NITE2_OPENNI2_X86\OF_V0.8.0_VS_RELEASE\APPS\MYAPPS\GRT_PREDICT\OBJ\DEBUG\DERIVATIVE.SBR
C:\USERS\MATTHIAS\DOCUMENTS\GITHUB\GESTURE_RECOGNIZER_OF0.8_NITE2_OPENNI2_X86\OF_V0.8.0_VS_RELEASE\APPS\MYAPPS\GRT_PREDICT\OBJ\DEBUG\DEADZONE.SBR
C:\USERS\MATTHIAS\DOCUMENTS\GITHUB\GESTURE_RECOGNIZER_OF0.8_NITE2_OPENNI2_X86\OF_V0.8.0_VS_RELEASE\APPS\MYAPPS\GRT_PREDICT\OBJ\DEBUG\CLASSLABELTIMEOUTFILTER.SBR
C:\USERS\MATTHIAS\DOCUMENTS\GITHUB\GESTURE_RECOGNIZER_OF0.8_NITE2_OPENNI2_X86\OF_V0.8.0_VS_RELEASE\APPS\MYAPPS\GRT_PREDICT\OBJ\DEBUG\CLASSLABELFILTER.SBR
C:\USERS\MATTHIAS\DOCUMENTS\GITHUB\GESTURE_RECOGNIZER_OF0.8_NITE2_OPENNI2_X86\OF_V0.8.0_VS_RELEASE\APPS\MYAPPS\GRT_PREDICT\OBJ\DEBUG\CLASSLABELCHANGEFILTER.SBR
C:\USERS\MATTHIAS\DOCUMENTS\GITHUB\GESTURE_RECOGNIZER_OF0.8_NITE2_OPENNI2_X86\OF_V0.8.0_VS_RELEASE\APPS\MYAPPS\GRT_PREDICT\OBJ\DEBUG\REGRESSIFIER.SBR
C:\USERS\MATTHIAS\DOCUMENTS\GITHUB\GESTURE_RECOGNIZER_OF0.8_NITE2_OPENNI2_X86\OF_V0.8.0_VS_RELEASE\APPS\MYAPPS\GRT_PREDICT\OBJ\DEBUG\PREPROCESSING.SBR
C:\USERS\MATTHIAS\DOCUMENTS\GITHUB\GESTURE_RECOGNIZER_OF0.8_NITE2_OPENNI2_X86\OF_V0.8.0_VS_RELEASE\APPS\MYAPPS\GRT_PREDICT\OBJ\DEBUG\POSTPROCESSING.SBR
C:\USERS\MATTHIAS\DOCUMENTS\GITHUB\GESTURE_RECOGNIZER_OF0.8_NITE2_OPENNI2_X86\OF_V0.8.0_VS_RELEASE\APPS\MYAPPS\GRT_PREDICT\OBJ\DEBUG\GRTBASE.SBR
C:\USERS\MATTHIAS\DOCUMENTS\GITHUB\GESTURE_RECOGNIZER_OF0.8_NITE2_OPENNI2_X86\OF_V0.8.0_VS_RELEASE\APPS\MYAPPS\GRT_PREDICT\OBJ\DEBUG\GRTBASE.OBJ
C:\USERS\MATTHIAS\DOCUMENTS\GITHUB\GESTURE_RECOGNIZER_OF0.8_NITE2_OPENNI2_X86\OF_V0.8.0_VS_RELEASE\APPS\MYAPPS\GRT_PREDICT\OBJ\DEBUG\POSTPROCESSING.OBJ
C:\USERS\MATTHIAS\DOCUMENTS\GITHUB\GESTURE_RECOGNIZER_OF0.8_NITE2_OPENNI2_X86\OF_V0.8.0_VS_RELEASE\APPS\MYAPPS\GRT_PREDICT\OBJ\DEBUG\PREPROCESSING.OBJ
C:\USERS\MATTHIAS\DOCUMENTS\GITHUB\GESTURE_RECOGNIZER_OF0.8_NITE2_OPENNI2_X86\OF_V0.8.0_VS_RELEASE\APPS\MYAPPS\GRT_PREDICT\OBJ\DEBUG\REGRESSIFIER.OBJ
C:\USERS\MATTHIAS\DOCUMENTS\GITHUB\GESTURE_RECOGNIZER_OF0.8_NITE2_OPENNI2_X86\OF_V0.8.0_VS_RELEASE\APPS\MYAPPS\GRT_PREDICT\OBJ\DEBUG\CLASSLABELCHANGEFILTER.OBJ
C:\USERS\MATTHIAS\DOCUMENTS\GITHUB\GESTURE_RECOGNIZER_OF0.8_NITE2_OPENNI2_X86\OF_V0.8.0_VS_RELEASE\APPS\MYAPPS\GRT_PREDICT\OBJ\DEBUG\CLASSLABELFILTER.OBJ
C:\USERS\MATTHIAS\DOCUMENTS\GITHUB\GESTURE_RECOGNIZER_OF0.8_NITE2_OPENNI2_X86\OF_V0.8.0_VS_RELEASE\APPS\MYAPPS\GRT_PREDICT\OBJ\DEBUG\CLASSLABELTIMEOUTFILTER.OBJ
C:\USERS\MATTHIAS\DOCUMENTS\GITHUB\GESTURE_RECOGNIZER_OF0.8_NITE2_OPENNI2_X86\OF_V0.8.0_VS_RELEASE\APPS\MYAPPS\GRT_PREDICT\OBJ\DEBUG\DEADZONE.OBJ
C:\USERS\MATTHIAS\DOCUMENTS\GITHUB\GESTURE_RECOGNIZER_OF0.8_NITE2_OPENNI2_X86\OF_V0.8.0_VS_RELEASE\APPS\MYAPPS\GRT_PREDICT\OBJ\DEBUG\DERIVATIVE.OBJ
C:\USERS\MATTHIAS\DOCUMENTS\GITHUB\GESTURE_RECOGNIZER_OF0.8_NITE2_OPENNI2_X86\OF_V0.8.0_VS_RELEASE\APPS\MYAPPS\GRT_PREDICT\OBJ\DEBUG\DOUBLEMOVINGAVERAGEFILTER.OBJ
C:\USERS\MATTHIAS\DOCUMENTS\GITHUB\GESTURE_RECOGNIZER_OF0.8_NITE2_OPENNI2_X86\OF_V0.8.0_VS_RELEASE\APPS\MYAPPS\GRT_PREDICT\OBJ\DEBUG\HIGHPASSFILTER.OBJ
C:\USERS\MATTHIAS\DOCUMENTS\GITHUB\GESTURE_RECOGNIZER_OF0.8_NITE2_OPENNI2_X86\OF_V0.8.0_VS_RELEASE\APPS\MYAPPS\GRT_PREDICT\OBJ\DEBUG\LOWPASSFILTER.OBJ
C:\USERS\MATTHIAS\DOCUMENTS\GITHUB\GESTURE_RECOGNIZER_OF0.8_NITE2_OPENNI2_X86\OF_V0.8.0_VS_RELEASE\APPS\MYAPPS\GRT_PREDICT\OBJ\DEBUG\MOVINGAVERAGEFILTER.OBJ
C:\USERS\MATTHIAS\DOCUMENTS\GITHUB\GESTURE_RECOGNIZER_OF0.8_NITE2_OPENNI2_X86\OF_V0.8.0_VS_RELEASE\APPS\MYAPPS\GRT_PREDICT\OBJ\DEBUG\SAVITZKYGOLAYFILTER.OBJ
C:\USERS\MATTHIAS\DOCUMENTS\GITHUB\GESTURE_RECOGNIZER_OF0.8_NITE2_OPENNI2_X86\OF_V0.8.0_VS_RELEASE\APPS\MYAPPS\GRT_PREDICT\OBJ\DEBUG\MLP.OBJ
C:\USERS\MATTHIAS\DOCUMENTS\GITHUB\GESTURE_RECOGNIZER_OF0.8_NITE2_OPENNI2_X86\OF_V0.8.0_VS_RELEASE\APPS\MYAPPS\GRT_PREDICT\OBJ\DEBUG\NEURON.OBJ
C:\USERS\MATTHIAS\DOCUMENTS\GITHUB\GESTURE_RECOGNIZER_OF0.8_NITE2_OPENNI2_X86\OF_V0.8.0_VS_RELEASE\APPS\MYAPPS\GRT_PREDICT\OBJ\DEBUG\LINEARREGRESSION.OBJ
C:\USERS\MATTHIAS\DOCUMENTS\GITHUB\GESTURE_RECOGNIZER_OF0.8_NITE2_OPENNI2_X86\OF_V0.8.0_VS_RELEASE\APPS\MYAPPS\GRT_PREDICT\OBJ\DEBUG\LOGISTICREGRESSION.OBJ
C:\USERS\MATTHIAS\DOCUMENTS\GITHUB\GESTURE_RECOGNIZER_OF0.8_NITE2_OPENNI2_X86\OF_V0.8.0_VS_RELEASE\APPS\MYAPPS\GRT_PREDICT\OBJ\DEBUG\CHOLESKY.OBJ
C:\USERS\MATTHIAS\DOCUMENTS\GITHUB\GESTURE_RECOGNIZER_OF0.8_NITE2_OPENNI2_X86\OF_V0.8.0_VS_RELEASE\APPS\MYAPPS\GRT_PREDICT\OBJ\DEBUG\DEBUGLOG.OBJ
C:\USERS\MATTHIAS\DOCUMENTS\GITHUB\GESTURE_RECOGNIZER_OF0.8_NITE2_OPENNI2_X86\OF_V0.8.0_VS_RELEASE\APPS\MYAPPS\GRT_PREDICT\OBJ\DEBUG\GESTURERECOGNITIONPIPELINE.SBR
C:\USERS\MATTHIAS\DOCUMENTS\GITHUB\GESTURE_RECOGNIZER_OF0.8_NITE2_OPENNI2_X86\OF_V0.8.0_VS_RELEASE\APPS\MYAPPS\GRT_PREDICT\OBJ\DEBUG\FEATUREEXTRACTION.SBR
C:\USERS\MATTHIAS\DOCUMENTS\GITHUB\GESTURE_RECOGNIZER_OF0.8_NITE2_OPENNI2_X86\OF_V0.8.0_VS_RELEASE\APPS\MYAPPS\GRT_PREDICT\OBJ\DEBUG\CONTEXT.SBR
C:\USERS\MATTHIAS\DOCUMENTS\GITHUB\GESTURE_RECOGNIZER_OF0.8_NITE2_OPENNI2_X86\OF_V0.8.0_VS_RELEASE\APPS\MYAPPS\GRT_PREDICT\OBJ\DEBUG\CLASSIFIER.SBR
C:\USERS\MATTHIAS\DOCUMENTS\GITHUB\GESTURE_RECOGNIZER_OF0.8_NITE2_OPENNI2_X86\OF_V0.8.0_VS_RELEASE\APPS\MYAPPS\GRT_PREDICT\OBJ\DEBUG\ZEROCROSSINGCOUNTER.SBR
C:\USERS\MATTHIAS\DOCUMENTS\GITHUB\GESTURE_RECOGNIZER_OF0.8_NITE2_OPENNI2_X86\OF_V0.8.0_VS_RELEASE\APPS\MYAPPS\GRT_PREDICT\OBJ\DEBUG\TIMESERIESBUFFER.SBR
C:\USERS\MATTHIAS\DOCUMENTS\GITHUB\GESTURE_RECOGNIZER_OF0.8_NITE2_OPENNI2_X86\OF_V0.8.0_VS_RELEASE\APPS\MYAPPS\GRT_PREDICT\OBJ\DEBUG\TIMEDOMAINFEATURES.SBR
C:\USERS\MATTHIAS\DOCUMENTS\GITHUB\GESTURE_RECOGNIZER_OF0.8_NITE2_OPENNI2_X86\OF_V0.8.0_VS_RELEASE\APPS\MYAPPS\GRT_PREDICT\OBJ\DEBUG\PEAKDETECTION.SBR
C:\USERS\MATTHIAS\DOCUMENTS\GITHUB\GESTURE_RECOGNIZER_OF0.8_NITE2_OPENNI2_X86\OF_V0.8.0_VS_RELEASE\APPS\MYAPPS\GRT_PREDICT\OBJ\DEBUG\PRINCIPALCOMPONENTANALYSIS.SBR
C:\USERS\MATTHIAS\DOCUMENTS\GITHUB\GESTURE_RECOGNIZER_OF0.8_NITE2_OPENNI2_X86\OF_V0.8.0_VS_RELEASE\APPS\MYAPPS\GRT_PREDICT\OBJ\DEBUG\MOVEMENTTRAJECTORYFEATURES.SBR
C:\USERS\MATTHIAS\DOCUMENTS\GITHUB\GESTURE_RECOGNIZER_OF0.8_NITE2_OPENNI2_X86\OF_V0.8.0_VS_RELEASE\APPS\MYAPPS\GRT_PREDICT\OBJ\DEBUG\MOVEMENTINDEX.SBR
C:\USERS\MATTHIAS\DOCUMENTS\GITHUB\GESTURE_RECOGNIZER_OF0.8_NITE2_OPENNI2_X86\OF_V0.8.0_VS_RELEASE\APPS\MYAPPS\GRT_PREDICT\OBJ\DEBUG\KMEANSQUANTIZER.SBR
C:\USERS\MATTHIAS\DOCUMENTS\GITHUB\GESTURE_RECOGNIZER_OF0.8_NITE2_OPENNI2_X86\OF_V0.8.0_VS_RELEASE\APPS\MYAPPS\GRT_PREDICT\OBJ\DEBUG\FFTFEATURES.SBR
C:\USERS\MATTHIAS\DOCUMENTS\GITHUB\GESTURE_RECOGNIZER_OF0.8_NITE2_OPENNI2_X86\OF_V0.8.0_VS_RELEASE\APPS\MYAPPS\GRT_PREDICT\OBJ\DEBUG\FFT.SBR
C:\USERS\MATTHIAS\DOCUMENTS\GITHUB\GESTURE_RECOGNIZER_OF0.8_NITE2_OPENNI2_X86\OF_V0.8.0_VS_RELEASE\APPS\MYAPPS\GRT_PREDICT\OBJ\DEBUG\FASTFOURIERTRANSFORM.SBR
C:\USERS\MATTHIAS\DOCUMENTS\GITHUB\GESTURE_RECOGNIZER_OF0.8_NITE2_OPENNI2_X86\OF_V0.8.0_VS_RELEASE\APPS\MYAPPS\GRT_PREDICT\OBJ\DEBUG\UNLABELLEDCLASSIFICATIONDATA.SBR
C:\USERS\MATTHIAS\DOCUMENTS\GITHUB\GESTURE_RECOGNIZER_OF0.8_NITE2_OPENNI2_X86\OF_V0.8.0_VS_RELEASE\APPS\MYAPPS\GRT_PREDICT\OBJ\DEBUG\LABELLEDTIMESERIESCLASSIFICATIONSAMPLE.SBR
C:\USERS\MATTHIAS\DOCUMENTS\GITHUB\GESTURE_RECOGNIZER_OF0.8_NITE2_OPENNI2_X86\OF_V0.8.0_VS_RELEASE\APPS\MYAPPS\GRT_PREDICT\OBJ\DEBUG\LABELLEDTIMESERIESCLASSIFICATIONDATA.SBR
C:\USERS\MATTHIAS\DOCUMENTS\GITHUB\GESTURE_RECOGNIZER_OF0.8_NITE2_OPENNI2_X86\OF_V0.8.0_VS_RELEASE\APPS\MYAPPS\GRT_PREDICT\OBJ\DEBUG\LABELLEDREGRESSIONSAMPLE.SBR
C:\USERS\MATTHIAS\DOCUMENTS\GITHUB\GESTURE_RECOGNIZER_OF0.8_NITE2_OPENNI2_X86\OF_V0.8.0_VS_RELEASE\APPS\MYAPPS\GRT_PREDICT\OBJ\DEBUG\LABELLEDREGRESSIONDATA.SBR
C:\USERS\MATTHIAS\DOCUMENTS\GITHUB\GESTURE_RECOGNIZER_OF0.8_NITE2_OPENNI2_X86\OF_V0.8.0_VS_RELEASE\APPS\MYAPPS\GRT_PREDICT\OBJ\DEBUG\LABELLEDREGRESSIONDATA.OBJ
C:\USERS\MATTHIAS\DOCUMENTS\GITHUB\GESTURE_RECOGNIZER_OF0.8_NITE2_OPENNI2_X86\OF_V0.8.0_VS_RELEASE\APPS\MYAPPS\GRT_PREDICT\OBJ\DEBUG\LABELLEDREGRESSIONSAMPLE.OBJ
C:\USERS\MATTHIAS\DOCUMENTS\GITHUB\GESTURE_RECOGNIZER_OF0.8_NITE2_OPENNI2_X86\OF_V0.8.0_VS_RELEASE\APPS\MYAPPS\GRT_PREDICT\OBJ\DEBUG\LABELLEDTIMESERIESCLASSIFICATIONDATA.OBJ
C:\USERS\MATTHIAS\DOCUMENTS\GITHUB\GESTURE_RECOGNIZER_OF0.8_NITE2_OPENNI2_X86\OF_V0.8.0_VS_RELEASE\APPS\MYAPPS\GRT_PREDICT\OBJ\DEBUG\LABELLEDTIMESERIESCLASSIFICATIONSAMPLE.OBJ
C:\USERS\MATTHIAS\DOCUMENTS\GITHUB\GESTURE_RECOGNIZER_OF0.8_NITE2_OPENNI2_X86\OF_V0.8.0_VS_RELEASE\APPS\MYAPPS\GRT_PREDICT\OBJ\DEBUG\UNLABELLEDCLASSIFICATIONDATA.OBJ
C:\USERS\MATTHIAS\DOCUMENTS\GITHUB\GESTURE_RECOGNIZER_OF0.8_NITE2_OPENNI2_X86\OF_V0.8.0_VS_RELEASE\APPS\MYAPPS\GRT_PREDICT\OBJ\DEBUG\FASTFOURIERTRANSFORM.OBJ
C:\USERS\MATTHIAS\DOCUMENTS\GITHUB\GESTURE_RECOGNIZER_OF0.8_NITE2_OPENNI2_X86\OF_V0.8.0_VS_RELEASE\APPS\MYAPPS\GRT_PREDICT\OBJ\DEBUG\FFT.OBJ
C:\USERS\MATTHIAS\DOCUMENTS\GITHUB\GESTURE_RECOGNIZER_OF0.8_NITE2_OPENNI2_X86\OF_V0.8.0_VS_RELEASE\APPS\MYAPPS\GRT_PREDICT\OBJ\DEBUG\FFTFEATURES.OBJ
C:\USERS\MATTHIAS\DOCUMENTS\GITHUB\GESTURE_RECOGNIZER_OF0.8_NITE2_OPENNI2_X86\OF_V0.8.0_VS_RELEASE\APPS\MYAPPS\GRT_PREDICT\OBJ\DEBUG\KMEANSQUANTIZER.OBJ
C:\USERS\MATTHIAS\DOCUMENTS\GITHUB\GESTURE_RECOGNIZER_OF0.8_NITE2_OPENNI2_X86\OF_V0.8.0_VS_RELEASE\APPS\MYAPPS\GRT_PREDICT\OBJ\DEBUG\MOVEMENTINDEX.OBJ
C:\USERS\MATTHIAS\DOCUMENTS\GITHUB\GESTURE_RECOGNIZER_OF0.8_NITE2_OPENNI2_X86\OF_V0.8.0_VS_RELEASE\APPS\MYAPPS\GRT_PREDICT\OBJ\DEBUG\MOVEMENTTRAJECTORYFEATURES.OBJ
C:\USERS\MATTHIAS\DOCUMENTS\GITHUB\GESTURE_RECOGNIZER_OF0.8_NITE2_OPENNI2_X86\OF_V0.8.0_VS_RELEASE\APPS\MYAPPS\GRT_PREDICT\OBJ\DEBUG\PRINCIPALCOMPONENTANALYSIS.OBJ
C:\USERS\MATTHIAS\DOCUMENTS\GITHUB\GESTURE_RECOGNIZER_OF0.8_NITE2_OPENNI2_X86\OF_V0.8.0_VS_RELEASE\APPS\MYAPPS\GRT_PREDICT\OBJ\DEBUG\PEAKDETECTION.OBJ
C:\USERS\MATTHIAS\DOCUMENTS\GITHUB\GESTURE_RECOGNIZER_OF0.8_NITE2_OPENNI2_X86\OF_V0.8.0_VS_RELEASE\APPS\MYAPPS\GRT_PREDICT\OBJ\DEBUG\TIMEDOMAINFEATURES.OBJ
C:\USERS\MATTHIAS\DOCUMENTS\GITHUB\GESTURE_RECOGNIZER_OF0.8_NITE2_OPENNI2_X86\OF_V0.8.0_VS_RELEASE\APPS\MYAPPS\GRT_PREDICT\OBJ\DEBUG\TIMESERIESBUFFER.OBJ
C:\USERS\MATTHIAS\DOCUMENTS\GITHUB\GESTURE_RECOGNIZER_OF0.8_NITE2_OPENNI2_X86\OF_V0.8.0_VS_RELEASE\APPS\MYAPPS\GRT_PREDICT\OBJ\DEBUG\ZEROCROSSINGCOUNTER.OBJ
C:\USERS\MATTHIAS\DOCUMENTS\GITHUB\GESTURE_RECOGNIZER_OF0.8_NITE2_OPENNI2_X86\OF_V0.8.0_VS_RELEASE\APPS\MYAPPS\GRT_PREDICT\OBJ\DEBUG\CLASSIFIER.OBJ
C:\USERS\MATTHIAS\DOCUMENTS\GITHUB\GESTURE_RECOGNIZER_OF0.8_NITE2_OPENNI2_X86\OF_V0.8.0_VS_RELEASE\APPS\MYAPPS\GRT_PREDICT\OBJ\DEBUG\CONTEXT.OBJ
C:\USERS\MATTHIAS\DOCUMENTS\GITHUB\GESTURE_RECOGNIZER_OF0.8_NITE2_OPENNI2_X86\OF_V0.8.0_VS_RELEASE\APPS\MYAPPS\GRT_PREDICT\OBJ\DEBUG\FEATUREEXTRACTION.OBJ
C:\USERS\MATTHIAS\DOCUMENTS\GITHUB\GESTURE_RECOGNIZER_OF0.8_NITE2_OPENNI2_X86\OF_V0.8.0_VS_RELEASE\APPS\MYAPPS\GRT_PREDICT\OBJ\DEBUG\GESTURERECOGNITIONPIPELINE.OBJ
C:\USERS\MATTHIAS\DOCUMENTS\GITHUB\GESTURE_RECOGNIZER_OF0.8_NITE2_OPENNI2_X86\OF_V0.8.0_VS_RELEASE\APPS\MYAPPS\GRT_PREDICT\OBJ\DEBUG\LABELLEDCONTINUOUSTIMESERIESCLASSIFICATIONDATA.SBR
C:\USERS\MATTHIAS\DOCUMENTS\GITHUB\GESTURE_RECOGNIZER_OF0.8_NITE2_OPENNI2_X86\OF_V0.8.0_VS_RELEASE\APPS\MYAPPS\GRT_PREDICT\OBJ\DEBUG\LABELLEDCLASSIFICATIONSAMPLE.SBR
C:\USERS\MATTHIAS\DOCUMENTS\GITHUB\GESTURE_RECOGNIZER_OF0.8_NITE2_OPENNI2_X86\OF_V0.8.0_VS_RELEASE\APPS\MYAPPS\GRT_PREDICT\OBJ\DEBUG\LABELLEDCLASSIFICATIONDATA.SBR
C:\USERS\MATTHIAS\DOCUMENTS\GITHUB\GESTURE_RECOGNIZER_OF0.8_NITE2_OPENNI2_X86\OF_V0.8.0_VS_RELEASE\APPS\MYAPPS\GRT_PREDICT\OBJ\DEBUG\GATE.SBR
C:\USERS\MATTHIAS\DOCUMENTS\GITHUB\GESTURE_RECOGNIZER_OF0.8_NITE2_OPENNI2_X86\OF_V0.8.0_VS_RELEASE\APPS\MYAPPS\GRT_PREDICT\OBJ\DEBUG\KMEANS.SBR
C:\USERS\MATTHIAS\DOCUMENTS\GITHUB\GESTURE_RECOGNIZER_OF0.8_NITE2_OPENNI2_X86\OF_V0.8.0_VS_RELEASE\APPS\MYAPPS\GRT_PREDICT\OBJ\DEBUG\GAUSSIANMIXTUREMODELS.SBR
C:\USERS\MATTHIAS\DOCUMENTS\GITHUB\GESTURE_RECOGNIZER_OF0.8_NITE2_OPENNI2_X86\OF_V0.8.0_VS_RELEASE\APPS\MYAPPS\GRT_PREDICT\OBJ\DEBUG\SVM.SBR
C:\USERS\MATTHIAS\DOCUMENTS\GITHUB\GESTURE_RECOGNIZER_OF0.8_NITE2_OPENNI2_X86\OF_V0.8.0_VS_RELEASE\APPS\MYAPPS\GRT_PREDICT\OBJ\DEBUG\LIBSVM.SBR
C:\USERS\MATTHIAS\DOCUMENTS\GITHUB\GESTURE_RECOGNIZER_OF0.8_NITE2_OPENNI2_X86\OF_V0.8.0_VS_RELEASE\APPS\MYAPPS\GRT_PREDICT\OBJ\DEBUG\SOFTMAX.SBR
C:\USERS\MATTHIAS\DOCUMENTS\GITHUB\GESTURE_RECOGNIZER_OF0.8_NITE2_OPENNI2_X86\OF_V0.8.0_VS_RELEASE\APPS\MYAPPS\GRT_PREDICT\OBJ\DEBUG\MINDISTMODEL.SBR
C:\USERS\MATTHIAS\DOCUMENTS\GITHUB\GESTURE_RECOGNIZER_OF0.8_NITE2_OPENNI2_X86\OF_V0.8.0_VS_RELEASE\APPS\MYAPPS\GRT_PREDICT\OBJ\DEBUG\MINDIST.SBR
C:\USERS\MATTHIAS\DOCUMENTS\GITHUB\GESTURE_RECOGNIZER_OF0.8_NITE2_OPENNI2_X86\OF_V0.8.0_VS_RELEASE\APPS\MYAPPS\GRT_PREDICT\OBJ\DEBUG\LDA.SBR
C:\USERS\MATTHIAS\DOCUMENTS\GITHUB\GESTURE_RECOGNIZER_OF0.8_NITE2_OPENNI2_X86\OF_V0.8.0_VS_RELEASE\APPS\MYAPPS\GRT_PREDICT\OBJ\DEBUG\KNN.SBR
C:\USERS\MATTHIAS\DOCUMENTS\GITHUB\GESTURE_RECOGNIZER_OF0.8_NITE2_OPENNI2_X86\OF_V0.8.0_VS_RELEASE\APPS\MYAPPS\GRT_PREDICT\OBJ\DEBUG\HMM.SBR
C:\USERS\MATTHIAS\DOCUMENTS\GITHUB\GESTURE_RECOGNIZER_OF0.8_NITE2_OPENNI2_X86\OF_V0.8.0_VS_RELEASE\APPS\MYAPPS\GRT_PREDICT\OBJ\DEBUG\HIDDENMARKOVMODEL.SBR
C:\USERS\MATTHIAS\DOCUMENTS\GITHUB\GESTURE_RECOGNIZER_OF0.8_NITE2_OPENNI2_X86\OF_V0.8.0_VS_RELEASE\APPS\MYAPPS\GRT_PREDICT\OBJ\DEBUG\GMM.SBR
C:\USERS\MATTHIAS\DOCUMENTS\GITHUB\GESTURE_RECOGNIZER_OF0.8_NITE2_OPENNI2_X86\OF_V0.8.0_VS_RELEASE\APPS\MYAPPS\GRT_PREDICT\OBJ\DEBUG\DTW.SBR
C:\USERS\MATTHIAS\DOCUMENTS\GITHUB\GESTURE_RECOGNIZER_OF0.8_NITE2_OPENNI2_X86\OF_V0.8.0_VS_RELEASE\APPS\MYAPPS\GRT_PREDICT\OBJ\DEBUG\BAG.SBR
C:\USERS\MATTHIAS\DOCUMENTS\GITHUB\GESTURE_RECOGNIZER_OF0.8_NITE2_OPENNI2_X86\OF_V0.8.0_VS_RELEASE\APPS\MYAPPS\GRT_PREDICT\OBJ\DEBUG\ANBC_MODEL.SBR
C:\USERS\MATTHIAS\DOCUMENTS\GITHUB\GESTURE_RECOGNIZER_OF0.8_NITE2_OPENNI2_X86\OF_V0.8.0_VS_RELEASE\APPS\MYAPPS\GRT_PREDICT\OBJ\DEBUG\ANBC.SBR
C:\USERS\MATTHIAS\DOCUMENTS\GITHUB\GESTURE_RECOGNIZER_OF0.8_NITE2_OPENNI2_X86\OF_V0.8.0_VS_RELEASE\APPS\MYAPPS\GRT_PREDICT\OBJ\DEBUG\ANBC.OBJ
C:\USERS\MATTHIAS\DOCUMENTS\GITHUB\GESTURE_RECOGNIZER_OF0.8_NITE2_OPENNI2_X86\OF_V0.8.0_VS_RELEASE\APPS\MYAPPS\GRT_PREDICT\OBJ\DEBUG\ANBC_MODEL.OBJ
C:\USERS\MATTHIAS\DOCUMENTS\GITHUB\GESTURE_RECOGNIZER_OF0.8_NITE2_OPENNI2_X86\OF_V0.8.0_VS_RELEASE\APPS\MYAPPS\GRT_PREDICT\OBJ\DEBUG\BAG.OBJ
C:\USERS\MATTHIAS\DOCUMENTS\GITHUB\GESTURE_RECOGNIZER_OF0.8_NITE2_OPENNI2_X86\OF_V0.8.0_VS_RELEASE\APPS\MYAPPS\GRT_PREDICT\OBJ\DEBUG\DTW.OBJ
C:\USERS\MATTHIAS\DOCUMENTS\GITHUB\GESTURE_RECOGNIZER_OF0.8_NITE2_OPENNI2_X86\OF_V0.8.0_VS_RELEASE\APPS\MYAPPS\GRT_PREDICT\OBJ\DEBUG\GMM.OBJ
C:\USERS\MATTHIAS\DOCUMENTS\GITHUB\GESTURE_RECOGNIZER_OF0.8_NITE2_OPENNI2_X86\OF_V0.8.0_VS_RELEASE\APPS\MYAPPS\GRT_PREDICT\OBJ\DEBUG\HIDDENMARKOVMODEL.OBJ
C:\USERS\MATTHIAS\DOCUMENTS\GITHUB\GESTURE_RECOGNIZER_OF0.8_NITE2_OPENNI2_X86\OF_V0.8.0_VS_RELEASE\APPS\MYAPPS\GRT_PREDICT\OBJ\DEBUG\HMM.OBJ
C:\USERS\MATTHIAS\DOCUMENTS\GITHUB\GESTURE_RECOGNIZER_OF0.8_NITE2_OPENNI2_X86\OF_V0.8.0_VS_RELEASE\APPS\MYAPPS\GRT_PREDICT\OBJ\DEBUG\KNN.OBJ
C:\USERS\MATTHIAS\DOCUMENTS\GITHUB\GESTURE_RECOGNIZER_OF0.8_NITE2_OPENNI2_X86\OF_V0.8.0_VS_RELEASE\APPS\MYAPPS\GRT_PREDICT\OBJ\DEBUG\LDA.OBJ
C:\USERS\MATTHIAS\DOCUMENTS\GITHUB\GESTURE_RECOGNIZER_OF0.8_NITE2_OPENNI2_X86\OF_V0.8.0_VS_RELEASE\APPS\MYAPPS\GRT_PREDICT\OBJ\DEBUG\MINDIST.OBJ
C:\USERS\MATTHIAS\DOCUMENTS\GITHUB\GESTURE_RECOGNIZER_OF0.8_NITE2_OPENNI2_X86\OF_V0.8.0_VS_RELEASE\APPS\MYAPPS\GRT_PREDICT\OBJ\DEBUG\MINDISTMODEL.OBJ
C:\USERS\MATTHIAS\DOCUMENTS\GITHUB\GESTURE_RECOGNIZER_OF0.8_NITE2_OPENNI2_X86\OF_V0.8.0_VS_RELEASE\APPS\MYAPPS\GRT_PREDICT\OBJ\DEBUG\SOFTMAX.OBJ
C:\USERS\MATTHIAS\DOCUMENTS\GITHUB\GESTURE_RECOGNIZER_OF0.8_NITE2_OPENNI2_X86\OF_V0.8.0_VS_RELEASE\APPS\MYAPPS\GRT_PREDICT\OBJ\DEBUG\LIBSVM.OBJ
C:\USERS\MATTHIAS\DOCUMENTS\GITHUB\GESTURE_RECOGNIZER_OF0.8_NITE2_OPENNI2_X86\OF_V0.8.0_VS_RELEASE\APPS\MYAPPS\GRT_PREDICT\OBJ\DEBUG\SVM.OBJ
C:\USERS\MATTHIAS\DOCUMENTS\GITHUB\GESTURE_RECOGNIZER_OF0.8_NITE2_OPENNI2_X86\OF_V0.8.0_VS_RELEASE\APPS\MYAPPS\GRT_PREDICT\OBJ\DEBUG\GAUSSIANMIXTUREMODELS.OBJ
C:\USERS\MATTHIAS\DOCUMENTS\GITHUB\GESTURE_RECOGNIZER_OF0.8_NITE2_OPENNI2_X86\OF_V0.8.0_VS_RELEASE\APPS\MYAPPS\GRT_PREDICT\OBJ\DEBUG\KMEANS.OBJ
C:\USERS\MATTHIAS\DOCUMENTS\GITHUB\GESTURE_RECOGNIZER_OF0.8_NITE2_OPENNI2_X86\OF_V0.8.0_VS_RELEASE\APPS\MYAPPS\GRT_PREDICT\OBJ\DEBUG\GATE.OBJ
C:\USERS\MATTHIAS\DOCUMENTS\GITHUB\GESTURE_RECOGNIZER_OF0.8_NITE2_OPENNI2_X86\OF_V0.8.0_VS_RELEASE\APPS\MYAPPS\GRT_PREDICT\OBJ\DEBUG\LABELLEDCLASSIFICATIONDATA.OBJ
C:\USERS\MATTHIAS\DOCUMENTS\GITHUB\GESTURE_RECOGNIZER_OF0.8_NITE2_OPENNI2_X86\OF_V0.8.0_VS_RELEASE\APPS\MYAPPS\GRT_PREDICT\OBJ\DEBUG\LABELLEDCLASSIFICATIONSAMPLE.OBJ
C:\USERS\MATTHIAS\DOCUMENTS\GITHUB\GESTURE_RECOGNIZER_OF0.8_NITE2_OPENNI2_X86\OF_V0.8.0_VS_RELEASE\APPS\MYAPPS\GRT_PREDICT\OBJ\DEBUG\LABELLEDCONTINUOUSTIMESERIESCLASSIFICATIONDATA.OBJ
C:\USERS\MATTHIAS\DOCUMENTS\GITHUB\GESTURE_RECOGNIZER_OF0.8_NITE2_OPENNI2_X86\OF_V0.8.0_VS_RELEASE\APPS\MYAPPS\GRT_PREDICT\OBJ\DEBUG\WEAKCLASSIFIER.SBR
C:\USERS\MATTHIAS\DOCUMENTS\GITHUB\GESTURE_RECOGNIZER_OF0.8_NITE2_OPENNI2_X86\OF_V0.8.0_VS_RELEASE\APPS\MYAPPS\GRT_PREDICT\OBJ\DEBUG\RADIALBASISFUNCTION.SBR
C:\USERS\MATTHIAS\DOCUMENTS\GITHUB\GESTURE_RECOGNIZER_OF0.8_NITE2_OPENNI2_X86\OF_V0.8.0_VS_RELEASE\APPS\MYAPPS\GRT_PREDICT\OBJ\DEBUG\DECISIONSTUMP.SBR
C:\USERS\MATTHIAS\DOCUMENTS\GITHUB\GESTURE_RECOGNIZER_OF0.8_NITE2_OPENNI2_X86\OF_V0.8.0_VS_RELEASE\APPS\MYAPPS\GRT_PREDICT\OBJ\DEBUG\ADABOOST.SBR
C:\USERS\MATTHIAS\DOCUMENTS\GITHUB\GESTURE_RECOGNIZER_OF0.8_NITE2_OPENNI2_X86\OF_V0.8.0_VS_RELEASE\APPS\MYAPPS\GRT_PREDICT\OBJ\DEBUG\ADABOOST.OBJ
C:\USERS\MATTHIAS\DOCUMENTS\GITHUB\GESTURE_RECOGNIZER_OF0.8_NITE2_OPENNI2_X86\OF_V0.8.0_VS_RELEASE\APPS\MYAPPS\GRT_PREDICT\OBJ\DEBUG\DECISIONSTUMP.OBJ
C:\USERS\MATTHIAS\DOCUMENTS\GITHUB\GESTURE_RECOGNIZER_OF0.8_NITE2_OPENNI2_X86\OF_V0.8.0_VS_RELEASE\APPS\MYAPPS\GRT_PREDICT\OBJ\DEBUG\RADIALBASISFUNCTION.OBJ
C:\USERS\MATTHIAS\DOCUMENTS\GITHUB\GESTURE_RECOGNIZER_OF0.8_NITE2_OPENNI2_X86\OF_V0.8.0_VS_RELEASE\APPS\MYAPPS\GRT_PREDICT\OBJ\DEBUG\WEAKCLASSIFIER.OBJ
C:\USERS\MATTHIAS\DOCUMENTS\GITHUB\GESTURE_RECOGNIZER_OF0.8_NITE2_OPENNI2_X86\OF_V0.8.0_VS_RELEASE\APPS\MYAPPS\GRT_PREDICT\OBJ\DEBUG\VC110.PDB
C:\Users\Matthias\Documents\GitHub\Gesture_Recognizer_of0.8_Nite2_Openni2_x86\of_v0.8.0_vs_release\apps\myApps\GRT_Predict\bin\GRT_Predict_debug.lib
C:\Users\Matthias\Documents\GitHub\Gesture_Recognizer_of0.8_Nite2_Openni2_x86\of_v0.8.0_vs_release\apps\myApps\GRT_Predict\bin\GRT_Predict_debug.exp
C:\USERS\MATTHIAS\DOCUMENTS\GITHUB\GESTURE_RECOGNIZER_OF0.8_NITE2_OPENNI2_X86\OF_V0.8.0_VS_RELEASE\APPS\MYAPPS\GRT_PREDICT\BIN\GRT_PREDICT_DEBUG.ILK
C:\USERS\MATTHIAS\DOCUMENTS\GITHUB\GESTURE_RECOGNIZER_OF0.8_NITE2_OPENNI2_X86\OF_V0.8.0_VS_RELEASE\APPS\MYAPPS\GRT_PREDICT\BIN\GRT_PREDICT_DEBUG.EXE
C:\USERS\MATTHIAS\DOCUMENTS\GITHUB\GESTURE_RECOGNIZER_OF0.8_NITE2_OPENNI2_X86\OF_V0.8.0_VS_RELEASE\APPS\MYAPPS\GRT_PREDICT\BIN\GRT_PREDICT_DEBUG.PDB
C:\USERS\MATTHIAS\DOCUMENTS\GITHUB\GESTURE_RECOGNIZER_OF0.8_NITE2_OPENNI2_X86\OF_V0.8.0_VS_RELEASE\APPS\MYAPPS\GRT_PREDICT\OBJ\DEBUG\ICON.RES
C:\Users\Matthias\Documents\GitHub\Gesture_Recognizer_of0.8_Nite2_Openni2_x86\of_v0.8.0_vs_release\apps\myApps\GRT_Predict\obj\Debug\GRT_Predict.vcxprojResolveAssemblyReference.cache
C:\Users\Matthias\Documents\GitHub\Gesture_Recognizer_of0.8_Nite2_Openni2_x86\of_v0.8.0_vs_release\apps\myApps\GRT_Predict\obj\Debug\AdaBoost.obj
C:\Users\Matthias\Documents\GitHub\Gesture_Recognizer_of0.8_Nite2_Openni2_x86\of_v0.8.0_vs_release\apps\myApps\GRT_Predict\obj\Debug\ANBC.obj
C:\Users\Matthias\Documents\GitHub\Gesture_Recognizer_of0.8_Nite2_Openni2_x86\of_v0.8.0_vs_release\apps\myApps\GRT_Predict\obj\Debug\ANBC_Model.obj
C:\Users\Matthias\Documents\GitHub\Gesture_Recognizer_of0.8_Nite2_Openni2_x86\of_v0.8.0_vs_release\apps\myApps\GRT_Predict\obj\Debug\BAG.obj
C:\Users\Matthias\Documents\GitHub\Gesture_Recognizer_of0.8_Nite2_Openni2_x86\of_v0.8.0_vs_release\apps\myApps\GRT_Predict\obj\Debug\Cholesky.obj
C:\Users\Matthias\Documents\GitHub\Gesture_Recognizer_of0.8_Nite2_Openni2_x86\of_v0.8.0_vs_release\apps\myApps\GRT_Predict\obj\Debug\Classifier.obj
C:\Users\Matthias\Documents\GitHub\Gesture_Recognizer_of0.8_Nite2_Openni2_x86\of_v0.8.0_vs_release\apps\myApps\GRT_Predict\obj\Debug\ClassLabelChangeFilter.obj
C:\Users\Matthias\Documents\GitHub\Gesture_Recognizer_of0.8_Nite2_Openni2_x86\of_v0.8.0_vs_release\apps\myApps\GRT_Predict\obj\Debug\ClassLabelFilter.obj
C:\Users\Matthias\Documents\GitHub\Gesture_Recognizer_of0.8_Nite2_Openni2_x86\of_v0.8.0_vs_release\apps\myApps\GRT_Predict\obj\Debug\ClassLabelTimeoutFilter.obj
C:\Users\Matthias\Documents\GitHub\Gesture_Recognizer_of0.8_Nite2_Openni2_x86\of_v0.8.0_vs_release\apps\myApps\GRT_Predict\obj\Debug\Context.obj
C:\Users\Matthias\Documents\GitHub\Gesture_Recognizer_of0.8_Nite2_Openni2_x86\of_v0.8.0_vs_release\apps\myApps\GRT_Predict\obj\Debug\DeadZone.obj
C:\Users\Matthias\Documents\GitHub\Gesture_Recognizer_of0.8_Nite2_Openni2_x86\of_v0.8.0_vs_release\apps\myApps\GRT_Predict\obj\Debug\DebugLog.obj
C:\Users\Matthias\Documents\GitHub\Gesture_Recognizer_of0.8_Nite2_Openni2_x86\of_v0.8.0_vs_release\apps\myApps\GRT_Predict\obj\Debug\DecisionStump.obj
C:\Users\Matthias\Documents\GitHub\Gesture_Recognizer_of0.8_Nite2_Openni2_x86\of_v0.8.0_vs_release\apps\myApps\GRT_Predict\obj\Debug\Derivative.obj
C:\Users\Matthias\Documents\GitHub\Gesture_Recognizer_of0.8_Nite2_Openni2_x86\of_v0.8.0_vs_release\apps\myApps\GRT_Predict\obj\Debug\DoubleMovingAverageFilter.obj
C:\Users\Matthias\Documents\GitHub\Gesture_Recognizer_of0.8_Nite2_Openni2_x86\of_v0.8.0_vs_release\apps\myApps\GRT_Predict\obj\Debug\DTW.obj
C:\Users\Matthias\Documents\GitHub\Gesture_Recognizer_of0.8_Nite2_Openni2_x86\of_v0.8.0_vs_release\apps\myApps\GRT_Predict\obj\Debug\EigenvalueDecomposition.obj
C:\Users\Matthias\Documents\GitHub\Gesture_Recognizer_of0.8_Nite2_Openni2_x86\of_v0.8.0_vs_release\apps\myApps\GRT_Predict\obj\Debug\ErrorLog.obj
C:\Users\Matthias\Documents\GitHub\Gesture_Recognizer_of0.8_Nite2_Openni2_x86\of_v0.8.0_vs_release\apps\myApps\GRT_Predict\obj\Debug\FastFourierTransform.obj
C:\Users\Matthias\Documents\GitHub\Gesture_Recognizer_of0.8_Nite2_Openni2_x86\of_v0.8.0_vs_release\apps\myApps\GRT_Predict\obj\Debug\FeatureExtraction.obj
C:\Users\Matthias\Documents\GitHub\Gesture_Recognizer_of0.8_Nite2_Openni2_x86\of_v0.8.0_vs_release\apps\myApps\GRT_Predict\obj\Debug\FFT.obj
C:\Users\Matthias\Documents\GitHub\Gesture_Recognizer_of0.8_Nite2_Openni2_x86\of_v0.8.0_vs_release\apps\myApps\GRT_Predict\obj\Debug\FFTFeatures.obj
C:\Users\Matthias\Documents\GitHub\Gesture_Recognizer_of0.8_Nite2_Openni2_x86\of_v0.8.0_vs_release\apps\myApps\GRT_Predict\obj\Debug\Gate.obj
C:\Users\Matthias\Documents\GitHub\Gesture_Recognizer_of0.8_Nite2_Openni2_x86\of_v0.8.0_vs_release\apps\myApps\GRT_Predict\obj\Debug\GaussianMixtureModels.obj
C:\Users\Matthias\Documents\GitHub\Gesture_Recognizer_of0.8_Nite2_Openni2_x86\of_v0.8.0_vs_release\apps\myApps\GRT_Predict\obj\Debug\GestureRecognitionPipeline.obj
C:\Users\Matthias\Documents\GitHub\Gesture_Recognizer_of0.8_Nite2_Openni2_x86\of_v0.8.0_vs_release\apps\myApps\GRT_Predict\obj\Debug\GMM.obj
C:\Users\Matthias\Documents\GitHub\Gesture_Recognizer_of0.8_Nite2_Openni2_x86\of_v0.8.0_vs_release\apps\myApps\GRT_Predict\obj\Debug\GrabProxie.obj
C:\Users\Matthias\Documents\GitHub\Gesture_Recognizer_of0.8_Nite2_Openni2_x86\of_v0.8.0_vs_release\apps\myApps\GRT_Predict\obj\Debug\GRTBase.obj
C:\Users\Matthias\Documents\GitHub\Gesture_Recognizer_of0.8_Nite2_Openni2_x86\of_v0.8.0_vs_release\apps\myApps\GRT_Predict\obj\Debug\GRT_Recognizer.obj
C:\Users\Matthias\Documents\GitHub\Gesture_Recognizer_of0.8_Nite2_Openni2_x86\of_v0.8.0_vs_release\apps\myApps\GRT_Predict\obj\Debug\HiddenMarkovModel.obj
C:\Users\Matthias\Documents\GitHub\Gesture_Recognizer_of0.8_Nite2_Openni2_x86\of_v0.8.0_vs_release\apps\myApps\GRT_Predict\obj\Debug\HighPassFilter.obj
C:\Users\Matthias\Documents\GitHub\Gesture_Recognizer_of0.8_Nite2_Openni2_x86\of_v0.8.0_vs_release\apps\myApps\GRT_Predict\obj\Debug\HMM.obj
C:\Users\Matthias\Documents\GitHub\Gesture_Recognizer_of0.8_Nite2_Openni2_x86\of_v0.8.0_vs_release\apps\myApps\GRT_Predict\obj\Debug\KMeans.obj
C:\Users\Matthias\Documents\GitHub\Gesture_Recognizer_of0.8_Nite2_Openni2_x86\of_v0.8.0_vs_release\apps\myApps\GRT_Predict\obj\Debug\KMeansQuantizer.obj
C:\Users\Matthias\Documents\GitHub\Gesture_Recognizer_of0.8_Nite2_Openni2_x86\of_v0.8.0_vs_release\apps\myApps\GRT_Predict\obj\Debug\KNN.obj
C:\Users\Matthias\Documents\GitHub\Gesture_Recognizer_of0.8_Nite2_Openni2_x86\of_v0.8.0_vs_release\apps\myApps\GRT_Predict\obj\Debug\LabelledClassificationData.obj
C:\Users\Matthias\Documents\GitHub\Gesture_Recognizer_of0.8_Nite2_Openni2_x86\of_v0.8.0_vs_release\apps\myApps\GRT_Predict\obj\Debug\LabelledClassificationSample.obj
C:\Users\Matthias\Documents\GitHub\Gesture_Recognizer_of0.8_Nite2_Openni2_x86\of_v0.8.0_vs_release\apps\myApps\GRT_Predict\obj\Debug\LabelledContinuousTimeSeriesClassificationData.obj
C:\Users\Matthias\Documents\GitHub\Gesture_Recognizer_of0.8_Nite2_Openni2_x86\of_v0.8.0_vs_release\apps\myApps\GRT_Predict\obj\Debug\LabelledRegressionData.obj
C:\Users\Matthias\Documents\GitHub\Gesture_Recognizer_of0.8_Nite2_Openni2_x86\of_v0.8.0_vs_release\apps\myApps\GRT_Predict\obj\Debug\LabelledRegressionSample.obj
C:\Users\Matthias\Documents\GitHub\Gesture_Recognizer_of0.8_Nite2_Openni2_x86\of_v0.8.0_vs_release\apps\myApps\GRT_Predict\obj\Debug\LabelledTimeSeriesClassificationData.obj
C:\Users\Matthias\Documents\GitHub\Gesture_Recognizer_of0.8_Nite2_Openni2_x86\of_v0.8.0_vs_release\apps\myApps\GRT_Predict\obj\Debug\LabelledTimeSeriesClassificationSample.obj
C:\Users\Matthias\Documents\GitHub\Gesture_Recognizer_of0.8_Nite2_Openni2_x86\of_v0.8.0_vs_release\apps\myApps\GRT_Predict\obj\Debug\LabelledTimeSeriesClassificationSampleTrimmer.obj
C:\Users\Matthias\Documents\GitHub\Gesture_Recognizer_of0.8_Nite2_Openni2_x86\of_v0.8.0_vs_release\apps\myApps\GRT_Predict\obj\Debug\LDA.obj
C:\Users\Matthias\Documents\GitHub\Gesture_Recognizer_of0.8_Nite2_Openni2_x86\of_v0.8.0_vs_release\apps\myApps\GRT_Predict\obj\Debug\libsvm.obj
C:\Users\Matthias\Documents\GitHub\Gesture_Recognizer_of0.8_Nite2_Openni2_x86\of_v0.8.0_vs_release\apps\myApps\GRT_Predict\obj\Debug\LinearRegression.obj
C:\Users\Matthias\Documents\GitHub\Gesture_Recognizer_of0.8_Nite2_Openni2_x86\of_v0.8.0_vs_release\apps\myApps\GRT_Predict\obj\Debug\LogisticRegression.obj
C:\Users\Matthias\Documents\GitHub\Gesture_Recognizer_of0.8_Nite2_Openni2_x86\of_v0.8.0_vs_release\apps\myApps\GRT_Predict\obj\Debug\LowPassFilter.obj
C:\Users\Matthias\Documents\GitHub\Gesture_Recognizer_of0.8_Nite2_Openni2_x86\of_v0.8.0_vs_release\apps\myApps\GRT_Predict\obj\Debug\LUDecomposition.obj
C:\Users\Matthias\Documents\GitHub\Gesture_Recognizer_of0.8_Nite2_Openni2_x86\of_v0.8.0_vs_release\apps\myApps\GRT_Predict\obj\Debug\main.obj
C:\Users\Matthias\Documents\GitHub\Gesture_Recognizer_of0.8_Nite2_Openni2_x86\of_v0.8.0_vs_release\apps\myApps\GRT_Predict\obj\Debug\MatrixDouble.obj
C:\Users\Matthias\Documents\GitHub\Gesture_Recognizer_of0.8_Nite2_Openni2_x86\of_v0.8.0_vs_release\apps\myApps\GRT_Predict\obj\Debug\MinDist.obj
C:\Users\Matthias\Documents\GitHub\Gesture_Recognizer_of0.8_Nite2_Openni2_x86\of_v0.8.0_vs_release\apps\myApps\GRT_Predict\obj\Debug\MinDistModel.obj
C:\Users\Matthias\Documents\GitHub\Gesture_Recognizer_of0.8_Nite2_Openni2_x86\of_v0.8.0_vs_release\apps\myApps\GRT_Predict\obj\Debug\MLP.obj
C:\Users\Matthias\Documents\GitHub\Gesture_Recognizer_of0.8_Nite2_Openni2_x86\of_v0.8.0_vs_release\apps\myApps\GRT_Predict\obj\Debug\MouseControl.obj
C:\Users\Matthias\Documents\GitHub\Gesture_Recognizer_of0.8_Nite2_Openni2_x86\of_v0.8.0_vs_release\apps\myApps\GRT_Predict\obj\Debug\MovementIndex.obj
C:\Users\Matthias\Documents\GitHub\Gesture_Recognizer_of0.8_Nite2_Openni2_x86\of_v0.8.0_vs_release\apps\myApps\GRT_Predict\obj\Debug\MovementTrajectoryFeatures.obj
C:\Users\Matthias\Documents\GitHub\Gesture_Recognizer_of0.8_Nite2_Openni2_x86\of_v0.8.0_vs_release\apps\myApps\GRT_Predict\obj\Debug\MovingAverageFilter.obj
C:\Users\Matthias\Documents\GitHub\Gesture_Recognizer_of0.8_Nite2_Openni2_x86\of_v0.8.0_vs_release\apps\myApps\GRT_Predict\obj\Debug\Neuron.obj
C:\Users\Matthias\Documents\GitHub\Gesture_Recognizer_of0.8_Nite2_Openni2_x86\of_v0.8.0_vs_release\apps\myApps\GRT_Predict\obj\Debug\Nite_HandTracker.obj
C:\Users\Matthias\Documents\GitHub\Gesture_Recognizer_of0.8_Nite2_Openni2_x86\of_v0.8.0_vs_release\apps\myApps\GRT_Predict\obj\Debug\openniProxie.obj
C:\Users\Matthias\Documents\GitHub\Gesture_Recognizer_of0.8_Nite2_Openni2_x86\of_v0.8.0_vs_release\apps\myApps\GRT_Predict\obj\Debug\PeakDetection.obj
C:\Users\Matthias\Documents\GitHub\Gesture_Recognizer_of0.8_Nite2_Openni2_x86\of_v0.8.0_vs_release\apps\myApps\GRT_Predict\obj\Debug\PostProcessing.obj
C:\Users\Matthias\Documents\GitHub\Gesture_Recognizer_of0.8_Nite2_Openni2_x86\of_v0.8.0_vs_release\apps\myApps\GRT_Predict\obj\Debug\PreProcessing.obj
C:\Users\Matthias\Documents\GitHub\Gesture_Recognizer_of0.8_Nite2_Openni2_x86\of_v0.8.0_vs_release\apps\myApps\GRT_Predict\obj\Debug\PrincipalComponentAnalysis.obj
C:\Users\Matthias\Documents\GitHub\Gesture_Recognizer_of0.8_Nite2_Openni2_x86\of_v0.8.0_vs_release\apps\myApps\GRT_Predict\obj\Debug\RadialBasisFunction.obj
C:\Users\Matthias\Documents\GitHub\Gesture_Recognizer_of0.8_Nite2_Openni2_x86\of_v0.8.0_vs_release\apps\myApps\GRT_Predict\obj\Debug\RangeTracker.obj
C:\Users\Matthias\Documents\GitHub\Gesture_Recognizer_of0.8_Nite2_Openni2_x86\of_v0.8.0_vs_release\apps\myApps\GRT_Predict\obj\Debug\Regressifier.obj
C:\Users\Matthias\Documents\GitHub\Gesture_Recognizer_of0.8_Nite2_Openni2_x86\of_v0.8.0_vs_release\apps\myApps\GRT_Predict\obj\Debug\SavitzkyGolayFilter.obj
C:\Users\Matthias\Documents\GitHub\Gesture_Recognizer_of0.8_Nite2_Openni2_x86\of_v0.8.0_vs_release\apps\myApps\GRT_Predict\obj\Debug\Softmax.obj
C:\Users\Matthias\Documents\GitHub\Gesture_Recognizer_of0.8_Nite2_Openni2_x86\of_v0.8.0_vs_release\apps\myApps\GRT_Predict\obj\Debug\Static_Recognizer.obj
C:\Users\Matthias\Documents\GitHub\Gesture_Recognizer_of0.8_Nite2_Openni2_x86\of_v0.8.0_vs_release\apps\myApps\GRT_Predict\obj\Debug\SVD.obj
C:\Users\Matthias\Documents\GitHub\Gesture_Recognizer_of0.8_Nite2_Openni2_x86\of_v0.8.0_vs_release\apps\myApps\GRT_Predict\obj\Debug\SVM.obj
C:\Users\Matthias\Documents\GitHub\Gesture_Recognizer_of0.8_Nite2_Openni2_x86\of_v0.8.0_vs_release\apps\myApps\GRT_Predict\obj\Debug\testApp.obj
C:\Users\Matthias\Documents\GitHub\Gesture_Recognizer_of0.8_Nite2_Openni2_x86\of_v0.8.0_vs_release\apps\myApps\GRT_Predict\obj\Debug\TestingLog.obj
C:\Users\Matthias\Documents\GitHub\Gesture_Recognizer_of0.8_Nite2_Openni2_x86\of_v0.8.0_vs_release\apps\myApps\GRT_Predict\obj\Debug\TimeDomainFeatures.obj
C:\Users\Matthias\Documents\GitHub\Gesture_Recognizer_of0.8_Nite2_Openni2_x86\of_v0.8.0_vs_release\apps\myApps\GRT_Predict\obj\Debug\TimeseriesBuffer.obj
C:\Users\Matthias\Documents\GitHub\Gesture_Recognizer_of0.8_Nite2_Openni2_x86\of_v0.8.0_vs_release\apps\myApps\GRT_Predict\obj\Debug\TrainingDataRecordingTimer.obj
C:\Users\Matthias\Documents\GitHub\Gesture_Recognizer_of0.8_Nite2_Openni2_x86\of_v0.8.0_vs_release\apps\myApps\GRT_Predict\obj\Debug\TrainingLog.obj
C:\Users\Matthias\Documents\GitHub\Gesture_Recognizer_of0.8_Nite2_Openni2_x86\of_v0.8.0_vs_release\apps\myApps\GRT_Predict\obj\Debug\UnlabelledClassificationData.obj
C:\Users\Matthias\Documents\GitHub\Gesture_Recognizer_of0.8_Nite2_Openni2_x86\of_v0.8.0_vs_release\apps\myApps\GRT_Predict\obj\Debug\Util.obj
C:\Users\Matthias\Documents\GitHub\Gesture_Recognizer_of0.8_Nite2_Openni2_x86\of_v0.8.0_vs_release\apps\myApps\GRT_Predict\obj\Debug\WarningLog.obj
C:\Users\Matthias\Documents\GitHub\Gesture_Recognizer_of0.8_Nite2_Openni2_x86\of_v0.8.0_vs_release\apps\myApps\GRT_Predict\obj\Debug\WeakClassifier.obj
C:\Users\Matthias\Documents\GitHub\Gesture_Recognizer_of0.8_Nite2_Openni2_x86\of_v0.8.0_vs_release\apps\myApps\GRT_Predict\obj\Debug\ZeroCrossingCounter.obj
C:\Users\Matthias\Documents\GitHub\Gesture_Recognizer_of0.8_Nite2_Openni2_x86\of_v0.8.0_vs_release\apps\myApps\GRT_Predict\obj\Debug\BscMake.command.1.tlog
C:\Users\Matthias\Documents\GitHub\Gesture_Recognizer_of0.8_Nite2_Openni2_x86\of_v0.8.0_vs_release\apps\myApps\GRT_Predict\obj\Debug\bscmake.read.1.tlog
C:\Users\Matthias\Documents\GitHub\Gesture_Recognizer_of0.8_Nite2_Openni2_x86\of_v0.8.0_vs_release\apps\myApps\GRT_Predict\obj\Debug\BscMake.write.1.tlog
C:\Users\Matthias\Documents\GitHub\Gesture_Recognizer_of0.8_Nite2_Openni2_x86\of_v0.8.0_vs_release\apps\myApps\GRT_Predict\obj\Debug\cl.command.1.tlog
C:\Users\Matthias\Documents\GitHub\Gesture_Recognizer_of0.8_Nite2_Openni2_x86\of_v0.8.0_vs_release\apps\myApps\GRT_Predict\obj\Debug\CL.read.1.tlog
C:\Users\Matthias\Documents\GitHub\Gesture_Recognizer_of0.8_Nite2_Openni2_x86\of_v0.8.0_vs_release\apps\myApps\GRT_Predict\obj\Debug\CL.write.1.tlog
C:\Users\Matthias\Documents\GitHub\Gesture_Recognizer_of0.8_Nite2_Openni2_x86\of_v0.8.0_vs_release\apps\myApps\GRT_Predict\obj\Debug\GRT_Predict.write.1.tlog
C:\Users\Matthias\Documents\GitHub\Gesture_Recognizer_of0.8_Nite2_Openni2_x86\of_v0.8.0_vs_release\apps\myApps\GRT_Predict\obj\Debug\link-cvtres.read.1.tlog
C:\Users\Matthias\Documents\GitHub\Gesture_Recognizer_of0.8_Nite2_Openni2_x86\of_v0.8.0_vs_release\apps\myApps\GRT_Predict\obj\Debug\link-cvtres.write.1.tlog
C:\Users\Matthias\Documents\GitHub\Gesture_Recognizer_of0.8_Nite2_Openni2_x86\of_v0.8.0_vs_release\apps\myApps\GRT_Predict\obj\Debug\link-rc.read.1.tlog
C:\Users\Matthias\Documents\GitHub\Gesture_Recognizer_of0.8_Nite2_Openni2_x86\of_v0.8.0_vs_release\apps\myApps\GRT_Predict\obj\Debug\link-rc.write.1.tlog
C:\Users\Matthias\Documents\GitHub\Gesture_Recognizer_of0.8_Nite2_Openni2_x86\of_v0.8.0_vs_release\apps\myApps\GRT_Predict\obj\Debug\link.12896-cvtres.read.1.tlog
C:\Users\Matthias\Documents\GitHub\Gesture_Recognizer_of0.8_Nite2_Openni2_x86\of_v0.8.0_vs_release\apps\myApps\GRT_Predict\obj\Debug\link.12896-cvtres.write.1.tlog
C:\Users\Matthias\Documents\GitHub\Gesture_Recognizer_of0.8_Nite2_Openni2_x86\of_v0.8.0_vs_release\apps\myApps\GRT_Predict\obj\Debug\link.12896-rc.read.1.tlog
C:\Users\Matthias\Documents\GitHub\Gesture_Recognizer_of0.8_Nite2_Openni2_x86\of_v0.8.0_vs_release\apps\myApps\GRT_Predict\obj\Debug\link.12896-rc.write.1.tlog
C:\Users\Matthias\Documents\GitHub\Gesture_Recognizer_of0.8_Nite2_Openni2_x86\of_v0.8.0_vs_release\apps\myApps\GRT_Predict\obj\Debug\link.12896.read.1.tlog
C:\Users\Matthias\Documents\GitHub\Gesture_Recognizer_of0.8_Nite2_Openni2_x86\of_v0.8.0_vs_release\apps\myApps\GRT_Predict\obj\Debug\link.12896.write.1.tlog
C:\Users\Matthias\Documents\GitHub\Gesture_Recognizer_of0.8_Nite2_Openni2_x86\of_v0.8.0_vs_release\apps\myApps\GRT_Predict\obj\Debug\link.13080-cvtres.read.1.tlog
C:\Users\Matthias\Documents\GitHub\Gesture_Recognizer_of0.8_Nite2_Openni2_x86\of_v0.8.0_vs_release\apps\myApps\GRT_Predict\obj\Debug\link.13080-cvtres.write.1.tlog
C:\Users\Matthias\Documents\GitHub\Gesture_Recognizer_of0.8_Nite2_Openni2_x86\of_v0.8.0_vs_release\apps\myApps\GRT_Predict\obj\Debug\link.13080-rc.read.1.tlog
C:\Users\Matthias\Documents\GitHub\Gesture_Recognizer_of0.8_Nite2_Openni2_x86\of_v0.8.0_vs_release\apps\myApps\GRT_Predict\obj\Debug\link.13080-rc.write.1.tlog
C:\Users\Matthias\Documents\GitHub\Gesture_Recognizer_of0.8_Nite2_Openni2_x86\of_v0.8.0_vs_release\apps\myApps\GRT_Predict\obj\Debug\link.13080.read.1.tlog
C:\Users\Matthias\Documents\GitHub\Gesture_Recognizer_of0.8_Nite2_Openni2_x86\of_v0.8.0_vs_release\apps\myApps\GRT_Predict\obj\Debug\link.13080.write.1.tlog
C:\Users\Matthias\Documents\GitHub\Gesture_Recognizer_of0.8_Nite2_Openni2_x86\of_v0.8.0_vs_release\apps\myApps\GRT_Predict\obj\Debug\link.13512-cvtres.read.1.tlog
C:\Users\Matthias\Documents\GitHub\Gesture_Recognizer_of0.8_Nite2_Openni2_x86\of_v0.8.0_vs_release\apps\myApps\GRT_Predict\obj\Debug\link.13512-cvtres.write.1.tlog
C:\Users\Matthias\Documents\GitHub\Gesture_Recognizer_of0.8_Nite2_Openni2_x86\of_v0.8.0_vs_release\apps\myApps\GRT_Predict\obj\Debug\link.13512-rc.read.1.tlog
C:\Users\Matthias\Documents\GitHub\Gesture_Recognizer_of0.8_Nite2_Openni2_x86\of_v0.8.0_vs_release\apps\myApps\GRT_Predict\obj\Debug\link.13512-rc.write.1.tlog
C:\Users\Matthias\Documents\GitHub\Gesture_Recognizer_of0.8_Nite2_Openni2_x86\of_v0.8.0_vs_release\apps\myApps\GRT_Predict\obj\Debug\link.13512.read.1.tlog
C:\Users\Matthias\Documents\GitHub\Gesture_Recognizer_of0.8_Nite2_Openni2_x86\of_v0.8.0_vs_release\apps\myApps\GRT_Predict\obj\Debug\link.13512.write.1.tlog
C:\Users\Matthias\Documents\GitHub\Gesture_Recognizer_of0.8_Nite2_Openni2_x86\of_v0.8.0_vs_release\apps\myApps\GRT_Predict\obj\Debug\link.command.1.tlog
C:\Users\Matthias\Documents\GitHub\Gesture_Recognizer_of0.8_Nite2_Openni2_x86\of_v0.8.0_vs_release\apps\myApps\GRT_Predict\obj\Debug\link.read.1.tlog
C:\Users\Matthias\Documents\GitHub\Gesture_Recognizer_of0.8_Nite2_Openni2_x86\of_v0.8.0_vs_release\apps\myApps\GRT_Predict\obj\Debug\link.write.1.tlog
C:\Users\Matthias\Documents\GitHub\Gesture_Recognizer_of0.8_Nite2_Openni2_x86\of_v0.8.0_vs_release\apps\myApps\GRT_Predict\obj\Debug\rc.command.1.tlog
C:\Users\Matthias\Documents\GitHub\Gesture_Recognizer_of0.8_Nite2_Openni2_x86\of_v0.8.0_vs_release\apps\myApps\GRT_Predict\obj\Debug\rc.read.1.tlog
C:\Users\Matthias\Documents\GitHub\Gesture_Recognizer_of0.8_Nite2_Openni2_x86\of_v0.8.0_vs_release\apps\myApps\GRT_Predict\obj\Debug\rc.write.1.tlog
C:\Users\Matthias\Documents\GitHub\Gesture_Recognizer_of0.8_Nite2_Openni2_x86\of_v0.8.0_vs_release\apps\myApps\GRT_Predict\obj\Debug\icon.res
C:\Users\Matthias\Documents\GitHub\Gesture_Recognizer_of0.8_Nite2_Openni2_x86\of_v0.8.0_vs_release\apps\myApps\GRT_Predict\obj\Debug\vc110.idb
C:\Users\Matthias\Documents\GitHub\Gesture_Recognizer_of0.8_Nite2_Openni2_x86\of_v0.8.0_vs_release\apps\myApps\GRT_Predict\obj\Debug\vc110.pdb
C:\Users\Matthias\Documents\GitHub\Gesture_Recognizer_of0.8_Nite2_Openni2_x86\of_v0.8.0_vs_release\apps\myApps\GRT_Predict\obj\Debug\AdaBoost.sbr
C:\Users\Matthias\Documents\GitHub\Gesture_Recognizer_of0.8_Nite2_Openni2_x86\of_v0.8.0_vs_release\apps\myApps\GRT_Predict\obj\Debug\ANBC.sbr
C:\Users\Matthias\Documents\GitHub\Gesture_Recognizer_of0.8_Nite2_Openni2_x86\of_v0.8.0_vs_release\apps\myApps\GRT_Predict\obj\Debug\ANBC_Model.sbr
C:\Users\Matthias\Documents\GitHub\Gesture_Recognizer_of0.8_Nite2_Openni2_x86\of_v0.8.0_vs_release\apps\myApps\GRT_Predict\obj\Debug\BAG.sbr
C:\Users\Matthias\Documents\GitHub\Gesture_Recognizer_of0.8_Nite2_Openni2_x86\of_v0.8.0_vs_release\apps\myApps\GRT_Predict\obj\Debug\Cholesky.sbr
C:\Users\Matthias\Documents\GitHub\Gesture_Recognizer_of0.8_Nite2_Openni2_x86\of_v0.8.0_vs_release\apps\myApps\GRT_Predict\obj\Debug\Classifier.sbr
C:\Users\Matthias\Documents\GitHub\Gesture_Recognizer_of0.8_Nite2_Openni2_x86\of_v0.8.0_vs_release\apps\myApps\GRT_Predict\obj\Debug\ClassLabelChangeFilter.sbr
C:\Users\Matthias\Documents\GitHub\Gesture_Recognizer_of0.8_Nite2_Openni2_x86\of_v0.8.0_vs_release\apps\myApps\GRT_Predict\obj\Debug\ClassLabelFilter.sbr
C:\Users\Matthias\Documents\GitHub\Gesture_Recognizer_of0.8_Nite2_Openni2_x86\of_v0.8.0_vs_release\apps\myApps\GRT_Predict\obj\Debug\ClassLabelTimeoutFilter.sbr
C:\Users\Matthias\Documents\GitHub\Gesture_Recognizer_of0.8_Nite2_Openni2_x86\of_v0.8.0_vs_release\apps\myApps\GRT_Predict\obj\Debug\Context.sbr
C:\Users\Matthias\Documents\GitHub\Gesture_Recognizer_of0.8_Nite2_Openni2_x86\of_v0.8.0_vs_release\apps\myApps\GRT_Predict\obj\Debug\DeadZone.sbr
C:\Users\Matthias\Documents\GitHub\Gesture_Recognizer_of0.8_Nite2_Openni2_x86\of_v0.8.0_vs_release\apps\myApps\GRT_Predict\obj\Debug\DebugLog.sbr
C:\Users\Matthias\Documents\GitHub\Gesture_Recognizer_of0.8_Nite2_Openni2_x86\of_v0.8.0_vs_release\apps\myApps\GRT_Predict\obj\Debug\DecisionStump.sbr
C:\Users\Matthias\Documents\GitHub\Gesture_Recognizer_of0.8_Nite2_Openni2_x86\of_v0.8.0_vs_release\apps\myApps\GRT_Predict\obj\Debug\Derivative.sbr
C:\Users\Matthias\Documents\GitHub\Gesture_Recognizer_of0.8_Nite2_Openni2_x86\of_v0.8.0_vs_release\apps\myApps\GRT_Predict\obj\Debug\DoubleMovingAverageFilter.sbr
C:\Users\Matthias\Documents\GitHub\Gesture_Recognizer_of0.8_Nite2_Openni2_x86\of_v0.8.0_vs_release\apps\myApps\GRT_Predict\obj\Debug\DTW.sbr
C:\Users\Matthias\Documents\GitHub\Gesture_Recognizer_of0.8_Nite2_Openni2_x86\of_v0.8.0_vs_release\apps\myApps\GRT_Predict\obj\Debug\EigenvalueDecomposition.sbr
C:\Users\Matthias\Documents\GitHub\Gesture_Recognizer_of0.8_Nite2_Openni2_x86\of_v0.8.0_vs_release\apps\myApps\GRT_Predict\obj\Debug\ErrorLog.sbr
C:\Users\Matthias\Documents\GitHub\Gesture_Recognizer_of0.8_Nite2_Openni2_x86\of_v0.8.0_vs_release\apps\myApps\GRT_Predict\obj\Debug\FastFourierTransform.sbr
C:\Users\Matthias\Documents\GitHub\Gesture_Recognizer_of0.8_Nite2_Openni2_x86\of_v0.8.0_vs_release\apps\myApps\GRT_Predict\obj\Debug\FeatureExtraction.sbr
C:\Users\Matthias\Documents\GitHub\Gesture_Recognizer_of0.8_Nite2_Openni2_x86\of_v0.8.0_vs_release\apps\myApps\GRT_Predict\obj\Debug\FFT.sbr
C:\Users\Matthias\Documents\GitHub\Gesture_Recognizer_of0.8_Nite2_Openni2_x86\of_v0.8.0_vs_release\apps\myApps\GRT_Predict\obj\Debug\FFTFeatures.sbr
C:\Users\Matthias\Documents\GitHub\Gesture_Recognizer_of0.8_Nite2_Openni2_x86\of_v0.8.0_vs_release\apps\myApps\GRT_Predict\obj\Debug\Gate.sbr
C:\Users\Matthias\Documents\GitHub\Gesture_Recognizer_of0.8_Nite2_Openni2_x86\of_v0.8.0_vs_release\apps\myApps\GRT_Predict\obj\Debug\GaussianMixtureModels.sbr
C:\Users\Matthias\Documents\GitHub\Gesture_Recognizer_of0.8_Nite2_Openni2_x86\of_v0.8.0_vs_release\apps\myApps\GRT_Predict\obj\Debug\GestureRecognitionPipeline.sbr
C:\Users\Matthias\Documents\GitHub\Gesture_Recognizer_of0.8_Nite2_Openni2_x86\of_v0.8.0_vs_release\apps\myApps\GRT_Predict\obj\Debug\GMM.sbr
C:\Users\Matthias\Documents\GitHub\Gesture_Recognizer_of0.8_Nite2_Openni2_x86\of_v0.8.0_vs_release\apps\myApps\GRT_Predict\obj\Debug\GrabProxie.sbr
C:\Users\Matthias\Documents\GitHub\Gesture_Recognizer_of0.8_Nite2_Openni2_x86\of_v0.8.0_vs_release\apps\myApps\GRT_Predict\obj\Debug\GRTBase.sbr
C:\Users\Matthias\Documents\GitHub\Gesture_Recognizer_of0.8_Nite2_Openni2_x86\of_v0.8.0_vs_release\apps\myApps\GRT_Predict\obj\Debug\GRT_Recognizer.sbr
C:\Users\Matthias\Documents\GitHub\Gesture_Recognizer_of0.8_Nite2_Openni2_x86\of_v0.8.0_vs_release\apps\myApps\GRT_Predict\obj\Debug\HiddenMarkovModel.sbr
C:\Users\Matthias\Documents\GitHub\Gesture_Recognizer_of0.8_Nite2_Openni2_x86\of_v0.8.0_vs_release\apps\myApps\GRT_Predict\obj\Debug\HighPassFilter.sbr
C:\Users\Matthias\Documents\GitHub\Gesture_Recognizer_of0.8_Nite2_Openni2_x86\of_v0.8.0_vs_release\apps\myApps\GRT_Predict\obj\Debug\HMM.sbr
C:\Users\Matthias\Documents\GitHub\Gesture_Recognizer_of0.8_Nite2_Openni2_x86\of_v0.8.0_vs_release\apps\myApps\GRT_Predict\obj\Debug\KMeans.sbr
C:\Users\Matthias\Documents\GitHub\Gesture_Recognizer_of0.8_Nite2_Openni2_x86\of_v0.8.0_vs_release\apps\myApps\GRT_Predict\obj\Debug\KMeansQuantizer.sbr
C:\Users\Matthias\Documents\GitHub\Gesture_Recognizer_of0.8_Nite2_Openni2_x86\of_v0.8.0_vs_release\apps\myApps\GRT_Predict\obj\Debug\KNN.sbr
C:\Users\Matthias\Documents\GitHub\Gesture_Recognizer_of0.8_Nite2_Openni2_x86\of_v0.8.0_vs_release\apps\myApps\GRT_Predict\obj\Debug\LabelledClassificationData.sbr
C:\Users\Matthias\Documents\GitHub\Gesture_Recognizer_of0.8_Nite2_Openni2_x86\of_v0.8.0_vs_release\apps\myApps\GRT_Predict\obj\Debug\LabelledClassificationSample.sbr
C:\Users\Matthias\Documents\GitHub\Gesture_Recognizer_of0.8_Nite2_Openni2_x86\of_v0.8.0_vs_release\apps\myApps\GRT_Predict\obj\Debug\LabelledContinuousTimeSeriesClassificationData.sbr
C:\Users\Matthias\Documents\GitHub\Gesture_Recognizer_of0.8_Nite2_Openni2_x86\of_v0.8.0_vs_release\apps\myApps\GRT_Predict\obj\Debug\LabelledRegressionData.sbr
C:\Users\Matthias\Documents\GitHub\Gesture_Recognizer_of0.8_Nite2_Openni2_x86\of_v0.8.0_vs_release\apps\myApps\GRT_Predict\obj\Debug\LabelledRegressionSample.sbr
C:\Users\Matthias\Documents\GitHub\Gesture_Recognizer_of0.8_Nite2_Openni2_x86\of_v0.8.0_vs_release\apps\myApps\GRT_Predict\obj\Debug\LabelledTimeSeriesClassificationData.sbr
C:\Users\Matthias\Documents\GitHub\Gesture_Recognizer_of0.8_Nite2_Openni2_x86\of_v0.8.0_vs_release\apps\myApps\GRT_Predict\obj\Debug\LabelledTimeSeriesClassificationSample.sbr
C:\Users\Matthias\Documents\GitHub\Gesture_Recognizer_of0.8_Nite2_Openni2_x86\of_v0.8.0_vs_release\apps\myApps\GRT_Predict\obj\Debug\LabelledTimeSeriesClassificationSampleTrimmer.sbr
C:\Users\Matthias\Documents\GitHub\Gesture_Recognizer_of0.8_Nite2_Openni2_x86\of_v0.8.0_vs_release\apps\myApps\GRT_Predict\obj\Debug\LDA.sbr
C:\Users\Matthias\Documents\GitHub\Gesture_Recognizer_of0.8_Nite2_Openni2_x86\of_v0.8.0_vs_release\apps\myApps\GRT_Predict\obj\Debug\libsvm.sbr
C:\Users\Matthias\Documents\GitHub\Gesture_Recognizer_of0.8_Nite2_Openni2_x86\of_v0.8.0_vs_release\apps\myApps\GRT_Predict\obj\Debug\LinearRegression.sbr
C:\Users\Matthias\Documents\GitHub\Gesture_Recognizer_of0.8_Nite2_Openni2_x86\of_v0.8.0_vs_release\apps\myApps\GRT_Predict\obj\Debug\LogisticRegression.sbr
C:\Users\Matthias\Documents\GitHub\Gesture_Recognizer_of0.8_Nite2_Openni2_x86\of_v0.8.0_vs_release\apps\myApps\GRT_Predict\obj\Debug\LowPassFilter.sbr
C:\Users\Matthias\Documents\GitHub\Gesture_Recognizer_of0.8_Nite2_Openni2_x86\of_v0.8.0_vs_release\apps\myApps\GRT_Predict\obj\Debug\LUDecomposition.sbr
C:\Users\Matthias\Documents\GitHub\Gesture_Recognizer_of0.8_Nite2_Openni2_x86\of_v0.8.0_vs_release\apps\myApps\GRT_Predict\obj\Debug\main.sbr
C:\Users\Matthias\Documents\GitHub\Gesture_Recognizer_of0.8_Nite2_Openni2_x86\of_v0.8.0_vs_release\apps\myApps\GRT_Predict\obj\Debug\MatrixDouble.sbr
C:\Users\Matthias\Documents\GitHub\Gesture_Recognizer_of0.8_Nite2_Openni2_x86\of_v0.8.0_vs_release\apps\myApps\GRT_Predict\obj\Debug\MinDist.sbr
C:\Users\Matthias\Documents\GitHub\Gesture_Recognizer_of0.8_Nite2_Openni2_x86\of_v0.8.0_vs_release\apps\myApps\GRT_Predict\obj\Debug\MinDistModel.sbr
C:\Users\Matthias\Documents\GitHub\Gesture_Recognizer_of0.8_Nite2_Openni2_x86\of_v0.8.0_vs_release\apps\myApps\GRT_Predict\obj\Debug\MLP.sbr
C:\Users\Matthias\Documents\GitHub\Gesture_Recognizer_of0.8_Nite2_Openni2_x86\of_v0.8.0_vs_release\apps\myApps\GRT_Predict\obj\Debug\MouseControl.sbr
C:\Users\Matthias\Documents\GitHub\Gesture_Recognizer_of0.8_Nite2_Openni2_x86\of_v0.8.0_vs_release\apps\myApps\GRT_Predict\obj\Debug\MovementIndex.sbr
C:\Users\Matthias\Documents\GitHub\Gesture_Recognizer_of0.8_Nite2_Openni2_x86\of_v0.8.0_vs_release\apps\myApps\GRT_Predict\obj\Debug\MovementTrajectoryFeatures.sbr
C:\Users\Matthias\Documents\GitHub\Gesture_Recognizer_of0.8_Nite2_Openni2_x86\of_v0.8.0_vs_release\apps\myApps\GRT_Predict\obj\Debug\MovingAverageFilter.sbr
C:\Users\Matthias\Documents\GitHub\Gesture_Recognizer_of0.8_Nite2_Openni2_x86\of_v0.8.0_vs_release\apps\myApps\GRT_Predict\obj\Debug\Neuron.sbr
C:\Users\Matthias\Documents\GitHub\Gesture_Recognizer_of0.8_Nite2_Openni2_x86\of_v0.8.0_vs_release\apps\myApps\GRT_Predict\obj\Debug\Nite_HandTracker.sbr
C:\Users\Matthias\Documents\GitHub\Gesture_Recognizer_of0.8_Nite2_Openni2_x86\of_v0.8.0_vs_release\apps\myApps\GRT_Predict\obj\Debug\openniProxie.sbr
C:\Users\Matthias\Documents\GitHub\Gesture_Recognizer_of0.8_Nite2_Openni2_x86\of_v0.8.0_vs_release\apps\myApps\GRT_Predict\obj\Debug\PeakDetection.sbr
C:\Users\Matthias\Documents\GitHub\Gesture_Recognizer_of0.8_Nite2_Openni2_x86\of_v0.8.0_vs_release\apps\myApps\GRT_Predict\obj\Debug\PostProcessing.sbr
C:\Users\Matthias\Documents\GitHub\Gesture_Recognizer_of0.8_Nite2_Openni2_x86\of_v0.8.0_vs_release\apps\myApps\GRT_Predict\obj\Debug\PreProcessing.sbr
C:\Users\Matthias\Documents\GitHub\Gesture_Recognizer_of0.8_Nite2_Openni2_x86\of_v0.8.0_vs_release\apps\myApps\GRT_Predict\obj\Debug\PrincipalComponentAnalysis.sbr
C:\Users\Matthias\Documents\GitHub\Gesture_Recognizer_of0.8_Nite2_Openni2_x86\of_v0.8.0_vs_release\apps\myApps\GRT_Predict\obj\Debug\RadialBasisFunction.sbr
C:\Users\Matthias\Documents\GitHub\Gesture_Recognizer_of0.8_Nite2_Openni2_x86\of_v0.8.0_vs_release\apps\myApps\GRT_Predict\obj\Debug\RangeTracker.sbr
C:\Users\Matthias\Documents\GitHub\Gesture_Recognizer_of0.8_Nite2_Openni2_x86\of_v0.8.0_vs_release\apps\myApps\GRT_Predict\obj\Debug\Regressifier.sbr
C:\Users\Matthias\Documents\GitHub\Gesture_Recognizer_of0.8_Nite2_Openni2_x86\of_v0.8.0_vs_release\apps\myApps\GRT_Predict\obj\Debug\SavitzkyGolayFilter.sbr
C:\Users\Matthias\Documents\GitHub\Gesture_Recognizer_of0.8_Nite2_Openni2_x86\of_v0.8.0_vs_release\apps\myApps\GRT_Predict\obj\Debug\Softmax.sbr
C:\Users\Matthias\Documents\GitHub\Gesture_Recognizer_of0.8_Nite2_Openni2_x86\of_v0.8.0_vs_release\apps\myApps\GRT_Predict\obj\Debug\Static_Recognizer.sbr
C:\Users\Matthias\Documents\GitHub\Gesture_Recognizer_of0.8_Nite2_Openni2_x86\of_v0.8.0_vs_release\apps\myApps\GRT_Predict\obj\Debug\SVD.sbr
C:\Users\Matthias\Documents\GitHub\Gesture_Recognizer_of0.8_Nite2_Openni2_x86\of_v0.8.0_vs_release\apps\myApps\GRT_Predict\obj\Debug\SVM.sbr
C:\Users\Matthias\Documents\GitHub\Gesture_Recognizer_of0.8_Nite2_Openni2_x86\of_v0.8.0_vs_release\apps\myApps\GRT_Predict\obj\Debug\testApp.sbr
C:\Users\Matthias\Documents\GitHub\Gesture_Recognizer_of0.8_Nite2_Openni2_x86\of_v0.8.0_vs_release\apps\myApps\GRT_Predict\obj\Debug\TestingLog.sbr
C:\Users\Matthias\Documents\GitHub\Gesture_Recognizer_of0.8_Nite2_Openni2_x86\of_v0.8.0_vs_release\apps\myApps\GRT_Predict\obj\Debug\TimeDomainFeatures.sbr
C:\Users\Matthias\Documents\GitHub\Gesture_Recognizer_of0.8_Nite2_Openni2_x86\of_v0.8.0_vs_release\apps\myApps\GRT_Predict\obj\Debug\TimeseriesBuffer.sbr
C:\Users\Matthias\Documents\GitHub\Gesture_Recognizer_of0.8_Nite2_Openni2_x86\of_v0.8.0_vs_release\apps\myApps\GRT_Predict\obj\Debug\TrainingDataRecordingTimer.sbr
C:\Users\Matthias\Documents\GitHub\Gesture_Recognizer_of0.8_Nite2_Openni2_x86\of_v0.8.0_vs_release\apps\myApps\GRT_Predict\obj\Debug\TrainingLog.sbr
C:\Users\Matthias\Documents\GitHub\Gesture_Recognizer_of0.8_Nite2_Openni2_x86\of_v0.8.0_vs_release\apps\myApps\GRT_Predict\obj\Debug\UnlabelledClassificationData.sbr
C:\Users\Matthias\Documents\GitHub\Gesture_Recognizer_of0.8_Nite2_Openni2_x86\of_v0.8.0_vs_release\apps\myApps\GRT_Predict\obj\Debug\Util.sbr
C:\Users\Matthias\Documents\GitHub\Gesture_Recognizer_of0.8_Nite2_Openni2_x86\of_v0.8.0_vs_release\apps\myApps\GRT_Predict\obj\Debug\WarningLog.sbr
C:\Users\Matthias\Documents\GitHub\Gesture_Recognizer_of0.8_Nite2_Openni2_x86\of_v0.8.0_vs_release\apps\myApps\GRT_Predict\obj\Debug\WeakClassifier.sbr
C:\Users\Matthias\Documents\GitHub\Gesture_Recognizer_of0.8_Nite2_Openni2_x86\of_v0.8.0_vs_release\apps\myApps\GRT_Predict\obj\Debug\ZeroCrossingCounter.sbr
C:\Users\Matthias\Documents\GitHub\Gesture_Recognizer_of0.8_Nite2_Openni2_x86\of_v0.8.0_vs_release\apps\myApps\GRT_Predict\bin\GRT_Predict_debug.exe
