Der Buildvorgang wurde am 18.01.2014 17:17:07 gestartet.
     1>Projekt "C:\Users\Matthias\Documents\GitHub\Gesture_Recognizer_of0.8_Nite2_Openni2_x86\of_v0.8.0_vs_release\apps\myApps\GRT_Predict\GRT_Predict.vcxproj" auf Knoten "2", Build Ziel(e).
     1>ClCompile:
         C:\Program Files (x86)\Microsoft Visual Studio 11.0\VC\bin\CL.exe /c /I.\grab_redist\Common /I.\grab_redist\Win32 /I..\..\..\libs\openFrameworks /I..\..\..\libs\openFrameworks\graphics /I..\..\..\libs\openFrameworks\app /I..\..\..\libs\openFrameworks\sound /I..\..\..\libs\openFrameworks\utils /I..\..\..\libs\openFrameworks\communication /I..\..\..\libs\openFrameworks\video /I..\..\..\libs\openFrameworks\types /I..\..\..\libs\openFrameworks\math /I..\..\..\libs\openFrameworks\3d /I..\..\..\libs\openFrameworks\gl /I..\..\..\libs\openFrameworks\events /I..\..\..\libs\glut\include /I..\..\..\libs\rtAudio\include /I..\..\..\libs\quicktime\include /I..\..\..\libs\freetype\include /I..\..\..\libs\freetype\include\freetype2 /I..\..\..\libs\freeImage\include /I..\..\..\libs\fmodex\include /I..\..\..\libs\videoInput\include /I..\..\..\libs\glew\include\ /I..\..\..\libs\glu\include /I..\..\..\libs\tess2\include /I..\..\..\libs\cairo\include\cairo /I..\..\..\libs\poco\include /I..\..\..\libs\glfw\include /I..\..\..\libs\openssl\include /I..\..\..\addons /I"C:\Program Files (x86)\OpenNI2\Include\\" /I. /I"C:\Program Files (x86)\PrimeSense\NiTE2\Include\\" /ZI /nologo /W3 /WX- /MP /Od /Oy- /D WIN32 /D _DEBUG /D _CONSOLE /D POCO_STATIC /D CAIRO_WIN32_STATIC_BUILD /D DISABLE_SOME_FLOATING_POINT /D _UNICODE /D UNICODE /Gm /EHsc /RTC1 /MDd /GS /fp:precise /Zc:wchar_t /Zc:forScope /Fo"obj\Debug\\" /Fd"obj\Debug\vc110.pdb" /FR"obj\Debug\\" /Gd /TP /analyze- /errorReport:prompt src\Nite_HandTracker.cpp
         Nite_HandTracker.cpp
     1>c:\users\matthias\documents\github\gesture_recognizer_of0.8_nite2_openni2_x86\of_v0.8.0_vs_release\apps\myapps\grt_predict\src\nite_handtracker.cpp(1): warning C4067: Unerwartete Token nach Präprozessordirektive - Zeilenvorschub erwartet.
     1>c:\users\matthias\documents\github\gesture_recognizer_of0.8_nite2_openni2_x86\of_v0.8.0_vs_release\apps\myapps\grt_predict\src\nite_handtracker.cpp(2): warning C4067: Unerwartete Token nach Präprozessordirektive - Zeilenvorschub erwartet.
     1>c:\users\matthias\documents\github\gesture_recognizer_of0.8_nite2_openni2_x86\of_v0.8.0_vs_release\apps\myapps\grt_predict\src\nite_handtracker.cpp(3): warning C4067: Unerwartete Token nach Präprozessordirektive - Zeilenvorschub erwartet.
     1>c:\users\matthias\documents\github\gesture_recognizer_of0.8_nite2_openni2_x86\of_v0.8.0_vs_release\apps\myapps\grt_predict\src\nite_handtracker.cpp(49): warning C4305: 'Argument': Verkürzung von 'double' in 'float'
       Link:
         C:\Program Files (x86)\Microsoft Visual Studio 11.0\VC\bin\link.exe /ERRORREPORT:PROMPT /OUT:"bin\GRT_Predict_debug.exe" /INCREMENTAL /NOLOGO /LIBPATH:.\grab_redist\Win32 /LIBPATH:..\..\..\libs\glut\lib\vs /LIBPATH:..\..\..\libs\glfw\lib\vs /LIBPATH:..\..\..\libs\rtAudio\lib\vs /LIBPATH:..\..\..\libs\FreeImage\lib\vs /LIBPATH:..\..\..\libs\freetype\lib\vs /LIBPATH:..\..\..\libs\quicktime\lib\vs /LIBPATH:..\..\..\libs\fmodex\lib\vs /LIBPATH:..\..\..\libs\videoInput\lib\vs /LIBPATH:..\..\..\libs\cairo\lib\vs /LIBPATH:..\..\..\libs\glew\lib\vs /LIBPATH:..\..\..\libs\glu\lib\vs /LIBPATH:..\..\..\libs\openssl\lib\vs /LIBPATH:..\..\..\libs\Poco\lib\vs /LIBPATH:..\..\..\libs\tess2\lib\vs /LIBPATH:"C:\Program Files (x86)\PrimeSense\NiTE2\Lib\\" /LIBPATH:"C:\Program Files (x86)\OpenNI2\Lib\\" NiTE2.lib OpenNI2.lib glut32.lib GrabDetector.lib "cairo-static.lib" "pixman-1.lib" msimg32.lib OpenGL32.lib GLu32.lib kernel32.lib setupapi.lib Vfw32.lib comctl32.lib glut32.lib rtAudioD.lib videoInputD.lib libfreetype.lib FreeImage.lib qtmlClient.lib dsound.lib user32.lib gdi32.lib winspool.lib comdlg32.lib advapi32.lib shell32.lib ole32.lib oleaut32.lib uuid.lib glew32s.lib fmodex_vc.lib glu32.lib ssleay32MD.lib libeay32MD.lib crypt32.lib PocoFoundationmdd.lib PocoNetmdd.lib PocoUtilmdd.lib PocoXMLmdd.lib Ws2_32.lib tess2.lib glfw3.lib kernel32.lib user32.lib gdi32.lib winspool.lib comdlg32.lib advapi32.lib shell32.lib ole32.lib oleaut32.lib uuid.lib odbc32.lib odbccp32.lib /NODEFAULTLIB:PocoFoundationmdd.lib /NODEFAULTLIB:atlthunk.lib /NODEFAULTLIB:msvcrt /NODEFAULTLIB:libcmt /NODEFAULTLIB:LIBC /NODEFAULTLIB:LIBCMTD /MANIFEST /MANIFESTUAC:"level='asInvoker' uiAccess='false'" /manifest:embed /DEBUG /PDB:"bin\GRT_Predict_debug.pdb" /SUBSYSTEM:CONSOLE /TLBID:1 /DYNAMICBASE:NO /NXCOMPAT /IMPLIB:"bin\GRT_Predict_debug.lib" /MACHINE:X86 /SAFESEH obj\Debug\icon.res
         obj\Debug\AdaBoost.obj
         obj\Debug\DecisionStump.obj
         obj\Debug\RadialBasisFunction.obj
         obj\Debug\WeakClassifier.obj
         obj\Debug\ANBC.obj
         obj\Debug\ANBC_Model.obj
         obj\Debug\BAG.obj
         obj\Debug\DTW.obj
         obj\Debug\GMM.obj
         obj\Debug\HiddenMarkovModel.obj
         obj\Debug\HMM.obj
         obj\Debug\KNN.obj
         obj\Debug\LDA.obj
         obj\Debug\MinDist.obj
         obj\Debug\MinDistModel.obj
         obj\Debug\Softmax.obj
         obj\Debug\libsvm.obj
         obj\Debug\SVM.obj
         obj\Debug\GaussianMixtureModels.obj
         obj\Debug\KMeans.obj
         obj\Debug\Gate.obj
         obj\Debug\LabelledClassificationData.obj
         obj\Debug\LabelledClassificationSample.obj
         obj\Debug\LabelledContinuousTimeSeriesClassificationData.obj
         obj\Debug\LabelledRegressionData.obj
         obj\Debug\LabelledRegressionSample.obj
         obj\Debug\LabelledTimeSeriesClassificationData.obj
         obj\Debug\LabelledTimeSeriesClassificationSample.obj
         obj\Debug\UnlabelledClassificationData.obj
         obj\Debug\FastFourierTransform.obj
         obj\Debug\FFT.obj
         obj\Debug\FFTFeatures.obj
         obj\Debug\KMeansQuantizer.obj
         obj\Debug\MovementIndex.obj
         obj\Debug\MovementTrajectoryFeatures.obj
         obj\Debug\PrincipalComponentAnalysis.obj
         obj\Debug\PeakDetection.obj
         obj\Debug\TimeDomainFeatures.obj
         obj\Debug\TimeseriesBuffer.obj
         obj\Debug\ZeroCrossingCounter.obj
         obj\Debug\Classifier.obj
         obj\Debug\Context.obj
         obj\Debug\FeatureExtraction.obj
         obj\Debug\GestureRecognitionPipeline.obj
         obj\Debug\GRTBase.obj
         obj\Debug\PostProcessing.obj
         obj\Debug\PreProcessing.obj
         obj\Debug\Regressifier.obj
         obj\Debug\ClassLabelChangeFilter.obj
         obj\Debug\ClassLabelFilter.obj
         obj\Debug\ClassLabelTimeoutFilter.obj
         obj\Debug\DeadZone.obj
         obj\Debug\Derivative.obj
         obj\Debug\DoubleMovingAverageFilter.obj
         obj\Debug\HighPassFilter.obj
         obj\Debug\LowPassFilter.obj
         obj\Debug\MovingAverageFilter.obj
         obj\Debug\SavitzkyGolayFilter.obj
         obj\Debug\MLP.obj
         obj\Debug\Neuron.obj
         obj\Debug\LinearRegression.obj
         obj\Debug\LogisticRegression.obj
         obj\Debug\Cholesky.obj
         obj\Debug\DebugLog.obj
         obj\Debug\EigenvalueDecomposition.obj
         obj\Debug\ErrorLog.obj
         obj\Debug\LabelledTimeSeriesClassificationSampleTrimmer.obj
         obj\Debug\LUDecomposition.obj
         obj\Debug\MatrixDouble.obj
         obj\Debug\RangeTracker.obj
         obj\Debug\SVD.obj
         obj\Debug\TestingLog.obj
         obj\Debug\TrainingDataRecordingTimer.obj
         obj\Debug\TrainingLog.obj
         obj\Debug\Util.obj
         obj\Debug\WarningLog.obj
         obj\Debug\GUIConnector.obj
         obj\Debug\GrabProxie.obj
         obj\Debug\GRT_Recognizer.obj
         obj\Debug\main.obj
         obj\Debug\MouseControl.obj
         obj\Debug\Nite_HandTracker.obj
         obj\Debug\openniProxie.obj
         obj\Debug\Static_Recognizer.obj
         obj\Debug\testApp.obj
         C:\Users\Matthias\Documents\GitHub\Gesture_Recognizer_of0.8_Nite2_Openni2_x86\of_v0.8.0_vs_release\libs\openFrameworksCompiled\lib\vs\openframeworksLib_debug.lib
         GRT_Predict.vcxproj -> C:\Users\Matthias\Documents\GitHub\Gesture_Recognizer_of0.8_Nite2_Openni2_x86\of_v0.8.0_vs_release\apps\myApps\GRT_Predict\bin\GRT_Predict_debug.exe
       BscMake:
         C:\Program Files (x86)\Microsoft Visual Studio 11.0\VC\bin\bscmake.exe /nologo /o"bin\GRT_Predict_debug.bsc" /n obj\Debug\AdaBoost.sbr obj\Debug\DecisionStump.sbr obj\Debug\RadialBasisFunction.sbr obj\Debug\WeakClassifier.sbr obj\Debug\ANBC.sbr obj\Debug\ANBC_Model.sbr obj\Debug\BAG.sbr obj\Debug\DTW.sbr obj\Debug\GMM.sbr obj\Debug\HiddenMarkovModel.sbr obj\Debug\HMM.sbr obj\Debug\KNN.sbr obj\Debug\LDA.sbr obj\Debug\MinDist.sbr obj\Debug\MinDistModel.sbr obj\Debug\Softmax.sbr obj\Debug\libsvm.sbr obj\Debug\SVM.sbr obj\Debug\GaussianMixtureModels.sbr obj\Debug\KMeans.sbr obj\Debug\Gate.sbr obj\Debug\LabelledClassificationData.sbr obj\Debug\LabelledClassificationSample.sbr obj\Debug\LabelledContinuousTimeSeriesClassificationData.sbr obj\Debug\LabelledRegressionData.sbr obj\Debug\LabelledRegressionSample.sbr obj\Debug\LabelledTimeSeriesClassificationData.sbr obj\Debug\LabelledTimeSeriesClassificationSample.sbr obj\Debug\UnlabelledClassificationData.sbr obj\Debug\FastFourierTransform.sbr obj\Debug\FFT.sbr obj\Debug\FFTFeatures.sbr obj\Debug\KMeansQuantizer.sbr obj\Debug\MovementIndex.sbr obj\Debug\MovementTrajectoryFeatures.sbr obj\Debug\PrincipalComponentAnalysis.sbr obj\Debug\PeakDetection.sbr obj\Debug\TimeDomainFeatures.sbr obj\Debug\TimeseriesBuffer.sbr obj\Debug\ZeroCrossingCounter.sbr obj\Debug\Classifier.sbr obj\Debug\Context.sbr obj\Debug\FeatureExtraction.sbr obj\Debug\GestureRecognitionPipeline.sbr obj\Debug\GRTBase.sbr obj\Debug\PostProcessing.sbr obj\Debug\PreProcessing.sbr obj\Debug\Regressifier.sbr obj\Debug\ClassLabelChangeFilter.sbr obj\Debug\ClassLabelFilter.sbr obj\Debug\ClassLabelTimeoutFilter.sbr obj\Debug\DeadZone.sbr obj\Debug\Derivative.sbr obj\Debug\DoubleMovingAverageFilter.sbr obj\Debug\HighPassFilter.sbr obj\Debug\LowPassFilter.sbr obj\Debug\MovingAverageFilter.sbr obj\Debug\SavitzkyGolayFilter.sbr obj\Debug\MLP.sbr obj\Debug\Neuron.sbr obj\Debug\LinearRegression.sbr obj\Debug\LogisticRegression.sbr obj\Debug\Cholesky.sbr obj\Debug\DebugLog.sbr obj\Debug\EigenvalueDecomposition.sbr obj\Debug\ErrorLog.sbr obj\Debug\LabelledTimeSeriesClassificationSampleTrimmer.sbr obj\Debug\LUDecomposition.sbr obj\Debug\MatrixDouble.sbr obj\Debug\RangeTracker.sbr obj\Debug\SVD.sbr obj\Debug\TestingLog.sbr obj\Debug\TrainingDataRecordingTimer.sbr obj\Debug\TrainingLog.sbr obj\Debug\Util.sbr obj\Debug\WarningLog.sbr obj\Debug\GUIConnector.sbr obj\Debug\GrabProxie.sbr obj\Debug\GRT_Recognizer.sbr obj\Debug\main.sbr obj\Debug\MouseControl.sbr obj\Debug\Nite_HandTracker.sbr obj\Debug\openniProxie.sbr obj\Debug\Static_Recognizer.sbr obj\Debug\testApp.sbr
       PostBuildEvent:
         xcopy /e /i /y "C:\Users\Matthias\Documents\GitHub\Gesture_Recognizer_of0.8_Nite2_Openni2_x86\of_v0.8.0_vs_release\apps\myApps\GRT_Predict\..\..\..\export\vs\*.dll" "C:\Users\Matthias\Documents\GitHub\Gesture_Recognizer_of0.8_Nite2_Openni2_x86\of_v0.8.0_vs_release\apps\myApps\GRT_Predict\bin"
         :VCEnd
         C:\Users\Matthias\Documents\GitHub\Gesture_Recognizer_of0.8_Nite2_Openni2_x86\of_v0.8.0_vs_release\apps\myApps\GRT_Predict\..\..\..\export\vs\Assimp32.dll
         C:\Users\Matthias\Documents\GitHub\Gesture_Recognizer_of0.8_Nite2_Openni2_x86\of_v0.8.0_vs_release\apps\myApps\GRT_Predict\..\..\..\export\vs\fmodex.dll
         C:\Users\Matthias\Documents\GitHub\Gesture_Recognizer_of0.8_Nite2_Openni2_x86\of_v0.8.0_vs_release\apps\myApps\GRT_Predict\..\..\..\export\vs\fmodexL.dll
         C:\Users\Matthias\Documents\GitHub\Gesture_Recognizer_of0.8_Nite2_Openni2_x86\of_v0.8.0_vs_release\apps\myApps\GRT_Predict\..\..\..\export\vs\FreeImage.dll
         C:\Users\Matthias\Documents\GitHub\Gesture_Recognizer_of0.8_Nite2_Openni2_x86\of_v0.8.0_vs_release\apps\myApps\GRT_Predict\..\..\..\export\vs\FreeType-6.dll
         C:\Users\Matthias\Documents\GitHub\Gesture_Recognizer_of0.8_Nite2_Openni2_x86\of_v0.8.0_vs_release\apps\myApps\GRT_Predict\..\..\..\export\vs\glut32.dll
         C:\Users\Matthias\Documents\GitHub\Gesture_Recognizer_of0.8_Nite2_Openni2_x86\of_v0.8.0_vs_release\apps\myApps\GRT_Predict\..\..\..\export\vs\libeay32.dll
         C:\Users\Matthias\Documents\GitHub\Gesture_Recognizer_of0.8_Nite2_Openni2_x86\of_v0.8.0_vs_release\apps\myApps\GRT_Predict\..\..\..\export\vs\ssleay32.dll
         C:\Users\Matthias\Documents\GitHub\Gesture_Recognizer_of0.8_Nite2_Openni2_x86\of_v0.8.0_vs_release\apps\myApps\GRT_Predict\..\..\..\export\vs\Zlib.dll
         9 Datei(en) kopiert
     1>Die Erstellung des Projekts "C:\Users\Matthias\Documents\GitHub\Gesture_Recognizer_of0.8_Nite2_Openni2_x86\of_v0.8.0_vs_release\apps\myApps\GRT_Predict\GRT_Predict.vcxproj" ist abgeschlossen, Build Ziel(e).

Build erfolgreich.

Verstrichene Zeit 00:00:27.14
